2018-10-18 10:28:48,840 - LoginHandle.py - send_user > 11 > INFO：输入用户名15013695516
2018-10-18 10:28:48,842 - FindElement.py - get_element > 16 > INFO：定位方式:id--->定位值:login_id
2018-10-18 10:28:48,901 - LoginHandle.py - send_passwd > 15 > INFO：输入密码123456
2018-10-18 10:28:48,903 - FindElement.py - get_element > 16 > INFO：定位方式:id--->定位值:password
2018-10-18 10:28:48,929 - LoginHandle.py - send_tickt > 19 > INFO：输入验证码7777
2018-10-18 10:28:48,930 - FindElement.py - get_element > 16 > INFO：定位方式:id--->定位值:ticket_image_value
2018-10-18 10:28:48,954 - FindElement.py - get_element > 16 > INFO：定位方式:id--->定位值:login1
2018-10-18 10:29:51,120 - LoginHandle.py - send_user > 11 > INFO：输入用户名15013695516
2018-10-18 10:29:51,123 - FindElement.py - get_element > 16 > INFO：定位方式:id--->定位值:login_id
2018-10-18 10:29:51,168 - LoginHandle.py - send_passwd > 15 > INFO：输入密码123456
2018-10-18 10:29:51,170 - FindElement.py - get_element > 16 > INFO：定位方式:id--->定位值:password
2018-10-18 10:29:51,185 - LoginHandle.py - send_tickt > 19 > INFO：输入验证码7777
2018-10-18 10:29:51,186 - FindElement.py - get_element > 16 > INFO：定位方式:id--->定位值:ticket_image_value
2018-10-18 10:29:51,197 - FindElement.py - get_element > 16 > INFO：定位方式:id--->定位值:login
2018-10-18 16:39:36,269 - LoginHandle.py - send_user > 11 > INFO：输入用户名15013695518
2018-10-18 16:39:36,275 - FindElement.py - get_element > 16 > INFO：定位方式:id--->定位值:login_id
2018-10-18 16:39:36,318 - LoginHandle.py - send_passwd > 15 > INFO：输入密码123456
2018-10-18 16:39:36,318 - FindElement.py - get_element > 16 > INFO：定位方式:id--->定位值:password
2018-10-18 16:39:36,339 - LoginHandle.py - send_tickt > 19 > INFO：输入验证码7777
2018-10-18 16:39:36,339 - FindElement.py - get_element > 16 > INFO：定位方式:id--->定位值:ticket_image_value
2018-10-18 16:39:36,365 - FindElement.py - get_element > 16 > INFO：定位方式:id--->定位值:login
2018-10-18 16:39:50,488 - LoginHandle.py - send_user > 11 > INFO：输入用户名15013695518
2018-10-18 16:39:50,490 - FindElement.py - get_element > 16 > INFO：定位方式:id--->定位值:login_id
2018-10-18 16:39:50,518 - LoginHandle.py - send_passwd > 15 > INFO：输入密码123456
2018-10-18 16:39:50,519 - FindElement.py - get_element > 16 > INFO：定位方式:id--->定位值:password
2018-10-18 16:39:50,534 - LoginHandle.py - send_tickt > 19 > INFO：输入验证码7777
2018-10-18 16:39:50,534 - FindElement.py - get_element > 16 > INFO：定位方式:id--->定位值:ticket_image_value
2018-10-18 16:39:50,549 - FindElement.py - get_element > 16 > INFO：定位方式:id--->定位值:login
2018-10-18 16:40:00,667 - FindElement.py - get_element > 16 > INFO：定位方式:css--->定位值:#buy
2018-10-18 16:40:00,901 - TradeHandle.py - send_stock > 18 > INFO：输入股票代码600000
2018-10-18 16:40:00,902 - FindElement.py - get_element > 16 > INFO：定位方式:id--->定位值:stockCode
2018-10-18 16:40:05,936 - TradeHandle.py - send_amount > 29 > INFO：输入股票数量1000
2018-10-18 16:40:05,937 - FindElement.py - get_element > 16 > INFO：定位方式:id--->定位值:amount
2018-10-18 16:40:05,979 - FindElement.py - get_element > 16 > INFO：定位方式:css--->定位值:#okbtn
2018-10-18 16:40:06,232 - FindElement.py - get_element > 16 > INFO：定位方式:css--->定位值:.xubox_yes
2018-10-18 16:57:31,252 - LoginHandle.py - send_user > 11 > INFO：输入用户名15013695518
2018-10-18 16:57:31,253 - FindElement.py - get_element > 16 > INFO：定位方式:id--->定位值:login_id
2018-10-18 16:57:31,285 - LoginHandle.py - send_passwd > 15 > INFO：输入密码123456
2018-10-18 16:57:31,286 - FindElement.py - get_element > 16 > INFO：定位方式:id--->定位值:password
2018-10-18 16:57:31,303 - LoginHandle.py - send_tickt > 19 > INFO：输入验证码7777
2018-10-18 16:57:31,304 - FindElement.py - get_element > 16 > INFO：定位方式:id--->定位值:ticket_image_value
2018-10-18 16:57:31,318 - FindElement.py - get_element > 16 > INFO：定位方式:id--->定位值:login
2018-10-18 16:57:41,339 - FindElement.py - get_element > 16 > INFO：定位方式:css--->定位值:#buy
2018-10-18 16:57:41,614 - TradeHandle.py - send_stock > 18 > INFO：输入股票代码000001
2018-10-18 16:57:41,615 - FindElement.py - get_element > 16 > INFO：定位方式:id--->定位值:stockCode
2018-10-18 16:57:46,652 - TradeHandle.py - send_amount > 29 > INFO：输入股票数量1000
2018-10-18 16:57:46,653 - FindElement.py - get_element > 16 > INFO：定位方式:id--->定位值:amount
2018-10-18 16:57:46,669 - FindElement.py - get_element > 16 > INFO：定位方式:css--->定位值:#okbtn
2018-10-18 16:57:46,909 - FindElement.py - get_element > 16 > INFO：定位方式:css--->定位值:.xubox_yes
2018-10-18 16:57:55,466 - LoginHandle.py - send_user > 11 > INFO：输入用户名15013695518
2018-10-18 16:57:55,467 - FindElement.py - get_element > 16 > INFO：定位方式:id--->定位值:login_id
2018-10-18 16:57:55,493 - LoginHandle.py - send_passwd > 15 > INFO：输入密码123456
2018-10-18 16:57:55,494 - FindElement.py - get_element > 16 > INFO：定位方式:id--->定位值:password
2018-10-18 16:57:55,510 - LoginHandle.py - send_tickt > 19 > INFO：输入验证码7777
2018-10-18 16:57:55,511 - FindElement.py - get_element > 16 > INFO：定位方式:id--->定位值:ticket_image_value
2018-10-18 16:57:55,522 - FindElement.py - get_element > 16 > INFO：定位方式:id--->定位值:login
2018-10-18 16:58:06,355 - FindElement.py - get_element > 16 > INFO：定位方式:css--->定位值:#buy
2018-10-18 16:58:06,590 - TradeHandle.py - send_stock > 18 > INFO：输入股票代码600000
2018-10-18 16:58:06,591 - FindElement.py - get_element > 16 > INFO：定位方式:id--->定位值:stockCode
2018-10-18 16:58:11,633 - TradeHandle.py - send_amount > 29 > INFO：输入股票数量1000
2018-10-18 16:58:11,634 - FindElement.py - get_element > 16 > INFO：定位方式:id--->定位值:amount
2018-10-18 16:58:11,656 - FindElement.py - get_element > 16 > INFO：定位方式:css--->定位值:#okbtn
2018-10-18 16:58:11,881 - FindElement.py - get_element > 16 > INFO：定位方式:css--->定位值:.xubox_yes
2018-10-18 17:12:30,567 - LoginHandle.py - send_user > 11 > INFO：输入用户名15013695518
2018-10-18 17:12:30,568 - FindElement.py - get_element > 16 > INFO：定位方式:id--->定位值:login_id
2018-10-18 17:12:30,606 - LoginHandle.py - send_passwd > 15 > INFO：输入密码123456
2018-10-18 17:12:30,607 - FindElement.py - get_element > 16 > INFO：定位方式:id--->定位值:password
2018-10-18 17:12:30,625 - LoginHandle.py - send_tickt > 19 > INFO：输入验证码7777
2018-10-18 17:12:30,626 - FindElement.py - get_element > 16 > INFO：定位方式:id--->定位值:ticket_image_value
2018-10-18 17:12:30,637 - FindElement.py - get_element > 16 > INFO：定位方式:id--->定位值:login
2018-10-18 17:12:41,416 - FindElement.py - get_element > 16 > INFO：定位方式:css--->定位值:#buy
2018-10-18 17:12:41,717 - TradeHandle.py - send_stock > 18 > INFO：输入股票代码000001
2018-10-18 17:12:41,719 - FindElement.py - get_element > 16 > INFO：定位方式:id--->定位值:stockCode
2018-10-18 17:12:46,799 - FindElement.py - get_element > 16 > INFO：定位方式:css--->定位值:#up_limit
2018-10-18 17:12:47,029 - TradeHandle.py - send_amount > 29 > INFO：输入股票数量1000
2018-10-18 17:12:47,029 - FindElement.py - get_element > 16 > INFO：定位方式:id--->定位值:amount
2018-10-18 17:12:47,042 - FindElement.py - get_element > 16 > INFO：定位方式:css--->定位值:#okbtn
2018-10-18 17:12:47,266 - FindElement.py - get_element > 16 > INFO：定位方式:css--->定位值:.xubox_yes
2018-10-18 17:12:47,504 - FindElement.py - get_element > 16 > INFO：定位方式:css--->定位值:.xubox_yes
2018-10-18 17:12:55,825 - LoginHandle.py - send_user > 11 > INFO：输入用户名15013695518
2018-10-18 17:12:55,826 - FindElement.py - get_element > 16 > INFO：定位方式:id--->定位值:login_id
2018-10-18 17:12:55,860 - LoginHandle.py - send_passwd > 15 > INFO：输入密码123456
2018-10-18 17:12:55,861 - FindElement.py - get_element > 16 > INFO：定位方式:id--->定位值:password
2018-10-18 17:12:55,876 - LoginHandle.py - send_tickt > 19 > INFO：输入验证码7777
2018-10-18 17:12:55,877 - FindElement.py - get_element > 16 > INFO：定位方式:id--->定位值:ticket_image_value
2018-10-18 17:12:55,892 - FindElement.py - get_element > 16 > INFO：定位方式:id--->定位值:login
2018-10-18 17:13:06,998 - FindElement.py - get_element > 16 > INFO：定位方式:css--->定位值:#buy
2018-10-18 17:13:07,243 - TradeHandle.py - send_stock > 18 > INFO：输入股票代码600000
2018-10-18 17:13:07,243 - FindElement.py - get_element > 16 > INFO：定位方式:id--->定位值:stockCode
2018-10-18 17:13:12,286 - FindElement.py - get_element > 16 > INFO：定位方式:css--->定位值:#up_limit
2018-10-18 17:13:12,514 - TradeHandle.py - send_amount > 29 > INFO：输入股票数量1000
2018-10-18 17:13:12,514 - FindElement.py - get_element > 16 > INFO：定位方式:id--->定位值:amount
2018-10-18 17:13:12,533 - FindElement.py - get_element > 16 > INFO：定位方式:css--->定位值:#okbtn
2018-10-18 17:13:12,758 - FindElement.py - get_element > 16 > INFO：定位方式:css--->定位值:.xubox_yes
2018-10-18 17:13:12,977 - FindElement.py - get_element > 16 > INFO：定位方式:css--->定位值:.xubox_yes
2018-10-18 17:13:21,102 - LoginHandle.py - send_user > 11 > INFO：输入用户名15013695518
2018-10-18 17:13:21,102 - FindElement.py - get_element > 16 > INFO：定位方式:id--->定位值:login_id
2018-10-18 17:13:21,138 - LoginHandle.py - send_passwd > 15 > INFO：输入密码123456
2018-10-18 17:13:21,139 - FindElement.py - get_element > 16 > INFO：定位方式:id--->定位值:password
2018-10-18 17:13:21,153 - LoginHandle.py - send_tickt > 19 > INFO：输入验证码7777
2018-10-18 17:13:21,154 - FindElement.py - get_element > 16 > INFO：定位方式:id--->定位值:ticket_image_value
2018-10-18 17:13:21,166 - FindElement.py - get_element > 16 > INFO：定位方式:id--->定位值:login
2018-10-18 17:13:31,909 - FindElement.py - get_element > 16 > INFO：定位方式:css--->定位值:#buy
2018-10-18 17:13:32,152 - TradeHandle.py - send_stock > 18 > INFO：输入股票代码000001
2018-10-18 17:13:32,153 - FindElement.py - get_element > 16 > INFO：定位方式:id--->定位值:stockCode
2018-10-18 17:13:37,189 - TradeHandle.py - send_amount > 29 > INFO：输入股票数量1000
2018-10-18 17:13:37,189 - FindElement.py - get_element > 16 > INFO：定位方式:id--->定位值:amount
2018-10-18 17:13:37,227 - FindElement.py - get_element > 16 > INFO：定位方式:css--->定位值:#okbtn
2018-10-18 17:13:37,482 - FindElement.py - get_element > 16 > INFO：定位方式:css--->定位值:.xubox_yes
2018-10-18 17:13:45,513 - LoginHandle.py - send_user > 11 > INFO：输入用户名15013695518
2018-10-18 17:13:45,514 - FindElement.py - get_element > 16 > INFO：定位方式:id--->定位值:login_id
2018-10-18 17:13:45,558 - LoginHandle.py - send_passwd > 15 > INFO：输入密码123456
2018-10-18 17:13:45,558 - FindElement.py - get_element > 16 > INFO：定位方式:id--->定位值:password
2018-10-18 17:13:45,574 - LoginHandle.py - send_tickt > 19 > INFO：输入验证码7777
2018-10-18 17:13:45,574 - FindElement.py - get_element > 16 > INFO：定位方式:id--->定位值:ticket_image_value
2018-10-18 17:13:45,590 - FindElement.py - get_element > 16 > INFO：定位方式:id--->定位值:login
2018-10-18 17:13:55,896 - FindElement.py - get_element > 16 > INFO：定位方式:css--->定位值:#buy
2018-10-18 17:13:56,204 - TradeHandle.py - send_stock > 18 > INFO：输入股票代码600000
2018-10-18 17:13:56,205 - FindElement.py - get_element > 16 > INFO：定位方式:id--->定位值:stockCode
2018-10-18 17:14:01,248 - TradeHandle.py - send_amount > 29 > INFO：输入股票数量1000
2018-10-18 17:14:01,249 - FindElement.py - get_element > 16 > INFO：定位方式:id--->定位值:amount
2018-10-18 17:14:01,288 - FindElement.py - get_element > 16 > INFO：定位方式:css--->定位值:#okbtn
2018-10-18 17:14:01,512 - FindElement.py - get_element > 16 > INFO：定位方式:css--->定位值:.xubox_yes
2018-10-18 17:24:26,723 - LoginHandle.py - send_user > 11 > INFO：输入用户名15013695518
2018-10-18 17:24:26,724 - FindElement.py - get_element > 16 > INFO：定位方式:id--->定位值:login_id
2018-10-18 17:24:26,809 - LoginHandle.py - send_passwd > 15 > INFO：输入密码123456
2018-10-18 17:24:26,811 - FindElement.py - get_element > 16 > INFO：定位方式:id--->定位值:password
2018-10-18 17:24:26,830 - LoginHandle.py - send_tickt > 19 > INFO：输入验证码7777
2018-10-18 17:24:26,832 - FindElement.py - get_element > 16 > INFO：定位方式:id--->定位值:ticket_image_value
2018-10-18 17:24:26,846 - FindElement.py - get_element > 16 > INFO：定位方式:id--->定位值:login
2018-10-18 17:24:37,030 - FindElement.py - get_element > 16 > INFO：定位方式:css--->定位值:#buy
2018-10-18 17:24:37,263 - TradeHandle.py - send_stock > 18 > INFO：输入股票代码000001
2018-10-18 17:24:37,264 - FindElement.py - get_element > 16 > INFO：定位方式:id--->定位值:stockCode
2018-10-18 17:24:42,311 - FindElement.py - get_element > 16 > INFO：定位方式:css--->定位值:#up_limit
2018-10-18 17:24:42,530 - TradeHandle.py - send_amount > 29 > INFO：输入股票数量1000
2018-10-18 17:24:42,531 - FindElement.py - get_element > 16 > INFO：定位方式:id--->定位值:amount
2018-10-18 17:24:42,557 - FindElement.py - get_element > 16 > INFO：定位方式:css--->定位值:#okbtn
2018-10-18 17:24:42,778 - FindElement.py - get_element > 16 > INFO：定位方式:css--->定位值:.xubox_yes
2018-10-18 17:24:43,002 - FindElement.py - get_element > 16 > INFO：定位方式:css--->定位值:.xubox_yes
2018-10-18 17:24:51,065 - LoginHandle.py - send_user > 11 > INFO：输入用户名15013695518
2018-10-18 17:24:51,066 - FindElement.py - get_element > 16 > INFO：定位方式:id--->定位值:login_id
2018-10-18 17:24:51,105 - LoginHandle.py - send_passwd > 15 > INFO：输入密码123456
2018-10-18 17:24:51,106 - FindElement.py - get_element > 16 > INFO：定位方式:id--->定位值:password
2018-10-18 17:24:51,119 - LoginHandle.py - send_tickt > 19 > INFO：输入验证码7777
2018-10-18 17:24:51,120 - FindElement.py - get_element > 16 > INFO：定位方式:id--->定位值:ticket_image_value
2018-10-18 17:24:51,147 - FindElement.py - get_element > 16 > INFO：定位方式:id--->定位值:login
2018-10-18 17:25:01,880 - FindElement.py - get_element > 16 > INFO：定位方式:css--->定位值:#buy
2018-10-18 17:25:02,112 - TradeHandle.py - send_stock > 18 > INFO：输入股票代码600000
2018-10-18 17:25:02,113 - FindElement.py - get_element > 16 > INFO：定位方式:id--->定位值:stockCode
2018-10-18 17:25:07,155 - FindElement.py - get_element > 16 > INFO：定位方式:css--->定位值:#up_limit
2018-10-18 17:25:07,415 - TradeHandle.py - send_amount > 29 > INFO：输入股票数量1000
2018-10-18 17:25:07,417 - FindElement.py - get_element > 16 > INFO：定位方式:id--->定位值:amount
2018-10-18 17:25:07,487 - FindElement.py - get_element > 16 > INFO：定位方式:css--->定位值:#okbtn
2018-10-18 17:25:07,766 - FindElement.py - get_element > 16 > INFO：定位方式:css--->定位值:.xubox_yes
2018-10-18 17:25:07,990 - FindElement.py - get_element > 16 > INFO：定位方式:css--->定位值:.xubox_yes
2018-10-18 17:25:16,089 - LoginHandle.py - send_user > 11 > INFO：输入用户名15013695518
2018-10-18 17:25:16,090 - FindElement.py - get_element > 16 > INFO：定位方式:id--->定位值:login_id
2018-10-18 17:25:16,130 - LoginHandle.py - send_passwd > 15 > INFO：输入密码123456
2018-10-18 17:25:16,130 - FindElement.py - get_element > 16 > INFO：定位方式:id--->定位值:password
2018-10-18 17:25:16,147 - LoginHandle.py - send_tickt > 19 > INFO：输入验证码7777
2018-10-18 17:25:16,147 - FindElement.py - get_element > 16 > INFO：定位方式:id--->定位值:ticket_image_value
2018-10-18 17:25:16,160 - FindElement.py - get_element > 16 > INFO：定位方式:id--->定位值:login
2018-10-18 17:25:26,933 - FindElement.py - get_element > 16 > INFO：定位方式:css--->定位值:#buy
2018-10-18 17:25:27,659 - TradeHandle.py - send_stock > 18 > INFO：输入股票代码000001
2018-10-18 17:25:27,660 - FindElement.py - get_element > 16 > INFO：定位方式:id--->定位值:stockCode
2018-10-18 17:25:32,695 - TradeHandle.py - send_amount > 29 > INFO：输入股票数量1000
2018-10-18 17:25:32,696 - FindElement.py - get_element > 16 > INFO：定位方式:id--->定位值:amount
2018-10-18 17:25:32,739 - FindElement.py - get_element > 16 > INFO：定位方式:css--->定位值:#okbtn
2018-10-18 17:25:33,479 - FindElement.py - get_element > 16 > INFO：定位方式:css--->定位值:.xubox_yes
2018-10-18 17:25:42,011 - LoginHandle.py - send_user > 11 > INFO：输入用户名15013695518
2018-10-18 17:25:42,012 - FindElement.py - get_element > 16 > INFO：定位方式:id--->定位值:login_id
2018-10-18 17:25:42,054 - LoginHandle.py - send_passwd > 15 > INFO：输入密码123456
2018-10-18 17:25:42,056 - FindElement.py - get_element > 16 > INFO：定位方式:id--->定位值:password
2018-10-18 17:25:42,070 - LoginHandle.py - send_tickt > 19 > INFO：输入验证码7777
2018-10-18 17:25:42,070 - FindElement.py - get_element > 16 > INFO：定位方式:id--->定位值:ticket_image_value
2018-10-18 17:25:42,084 - FindElement.py - get_element > 16 > INFO：定位方式:id--->定位值:login
2018-10-18 17:25:52,795 - FindElement.py - get_element > 16 > INFO：定位方式:css--->定位值:#buy
2018-10-18 17:25:53,034 - TradeHandle.py - send_stock > 18 > INFO：输入股票代码600000
2018-10-18 17:25:53,034 - FindElement.py - get_element > 16 > INFO：定位方式:id--->定位值:stockCode
2018-10-18 17:25:58,070 - TradeHandle.py - send_amount > 29 > INFO：输入股票数量1000
2018-10-18 17:25:58,070 - FindElement.py - get_element > 16 > INFO：定位方式:id--->定位值:amount
2018-10-18 17:25:58,100 - FindElement.py - get_element > 16 > INFO：定位方式:css--->定位值:#okbtn
2018-10-18 17:25:58,366 - FindElement.py - get_element > 16 > INFO：定位方式:css--->定位值:.xubox_yes
2018-10-18 17:26:23,346 - LoginHandle.py - send_user > 11 > INFO：输入用户名15013695518
2018-10-18 17:26:23,347 - FindElement.py - get_element > 16 > INFO：定位方式:id--->定位值:login_id
2018-10-18 17:26:23,374 - LoginHandle.py - send_passwd > 15 > INFO：输入密码123456
2018-10-18 17:26:23,375 - FindElement.py - get_element > 16 > INFO：定位方式:id--->定位值:password
2018-10-18 17:26:23,391 - LoginHandle.py - send_tickt > 19 > INFO：输入验证码7777
2018-10-18 17:26:23,391 - FindElement.py - get_element > 16 > INFO：定位方式:id--->定位值:ticket_image_value
2018-10-18 17:26:23,406 - FindElement.py - get_element > 16 > INFO：定位方式:id--->定位值:login
2018-10-18 17:26:34,436 - FindElement.py - get_element > 16 > INFO：定位方式:css--->定位值:#buy
2018-10-18 17:26:34,669 - TradeHandle.py - send_stock > 18 > INFO：输入股票代码000001
2018-10-18 17:26:34,669 - FindElement.py - get_element > 16 > INFO：定位方式:id--->定位值:stockCode
2018-10-18 17:26:39,707 - FindElement.py - get_element > 16 > INFO：定位方式:css--->定位值:#up_limit
2018-10-18 17:26:39,928 - TradeHandle.py - send_amount > 29 > INFO：输入股票数量1000
2018-10-18 17:26:39,929 - FindElement.py - get_element > 16 > INFO：定位方式:id--->定位值:amount
2018-10-18 17:26:39,944 - FindElement.py - get_element > 16 > INFO：定位方式:css--->定位值:#okbtn
2018-10-18 17:26:40,164 - FindElement.py - get_element > 16 > INFO：定位方式:css--->定位值:.xubox_yes
2018-10-18 17:26:40,380 - FindElement.py - get_element > 16 > INFO：定位方式:css--->定位值:.xubox_yes
2018-10-18 17:26:48,442 - LoginHandle.py - send_user > 11 > INFO：输入用户名15013695518
2018-10-18 17:26:48,443 - FindElement.py - get_element > 16 > INFO：定位方式:id--->定位值:login_id
2018-10-18 17:26:48,485 - LoginHandle.py - send_passwd > 15 > INFO：输入密码123456
2018-10-18 17:26:48,486 - FindElement.py - get_element > 16 > INFO：定位方式:id--->定位值:password
2018-10-18 17:26:48,501 - LoginHandle.py - send_tickt > 19 > INFO：输入验证码7777
2018-10-18 17:26:48,502 - FindElement.py - get_element > 16 > INFO：定位方式:id--->定位值:ticket_image_value
2018-10-18 17:26:48,517 - FindElement.py - get_element > 16 > INFO：定位方式:id--->定位值:login
2018-10-18 17:26:59,277 - FindElement.py - get_element > 16 > INFO：定位方式:css--->定位值:#buy
2018-10-18 17:26:59,514 - TradeHandle.py - send_stock > 18 > INFO：输入股票代码600000
2018-10-18 17:26:59,514 - FindElement.py - get_element > 16 > INFO：定位方式:id--->定位值:stockCode
2018-10-18 17:27:04,551 - FindElement.py - get_element > 16 > INFO：定位方式:css--->定位值:#up_limit
2018-10-18 17:27:04,774 - TradeHandle.py - send_amount > 29 > INFO：输入股票数量1000
2018-10-18 17:27:04,774 - FindElement.py - get_element > 16 > INFO：定位方式:id--->定位值:amount
2018-10-18 17:27:04,793 - FindElement.py - get_element > 16 > INFO：定位方式:css--->定位值:#okbtn
2018-10-18 17:27:05,016 - FindElement.py - get_element > 16 > INFO：定位方式:css--->定位值:.xubox_yes
2018-10-18 17:27:05,255 - FindElement.py - get_element > 16 > INFO：定位方式:css--->定位值:.xubox_yes
2018-10-18 17:27:13,297 - LoginHandle.py - send_user > 11 > INFO：输入用户名15013695518
2018-10-18 17:27:13,299 - FindElement.py - get_element > 16 > INFO：定位方式:id--->定位值:login_id
2018-10-18 17:27:13,336 - LoginHandle.py - send_passwd > 15 > INFO：输入密码123456
2018-10-18 17:27:13,337 - FindElement.py - get_element > 16 > INFO：定位方式:id--->定位值:password
2018-10-18 17:27:13,350 - LoginHandle.py - send_tickt > 19 > INFO：输入验证码7777
2018-10-18 17:27:13,351 - FindElement.py - get_element > 16 > INFO：定位方式:id--->定位值:ticket_image_value
2018-10-18 17:27:13,365 - FindElement.py - get_element > 16 > INFO：定位方式:id--->定位值:login
2018-10-18 17:27:24,127 - FindElement.py - get_element > 16 > INFO：定位方式:css--->定位值:#buy
2018-10-18 17:27:24,433 - TradeHandle.py - send_stock > 18 > INFO：输入股票代码000001
2018-10-18 17:27:24,434 - FindElement.py - get_element > 16 > INFO：定位方式:id--->定位值:stockCode
2018-10-18 17:27:29,481 - TradeHandle.py - send_amount > 29 > INFO：输入股票数量1000
2018-10-18 17:27:29,481 - FindElement.py - get_element > 16 > INFO：定位方式:id--->定位值:amount
2018-10-18 17:27:29,510 - FindElement.py - get_element > 16 > INFO：定位方式:css--->定位值:#okbtn
2018-10-18 17:27:29,733 - FindElement.py - get_element > 16 > INFO：定位方式:css--->定位值:.xubox_yes
2018-10-18 17:27:37,711 - LoginHandle.py - send_user > 11 > INFO：输入用户名15013695518
2018-10-18 17:27:37,712 - FindElement.py - get_element > 16 > INFO：定位方式:id--->定位值:login_id
2018-10-18 17:27:37,748 - LoginHandle.py - send_passwd > 15 > INFO：输入密码123456
2018-10-18 17:27:37,749 - FindElement.py - get_element > 16 > INFO：定位方式:id--->定位值:password
2018-10-18 17:27:37,764 - LoginHandle.py - send_tickt > 19 > INFO：输入验证码7777
2018-10-18 17:27:37,764 - FindElement.py - get_element > 16 > INFO：定位方式:id--->定位值:ticket_image_value
2018-10-18 17:27:37,777 - FindElement.py - get_element > 16 > INFO：定位方式:id--->定位值:login
2018-10-18 17:27:48,519 - FindElement.py - get_element > 16 > INFO：定位方式:css--->定位值:#buy
2018-10-18 17:27:48,756 - TradeHandle.py - send_stock > 18 > INFO：输入股票代码600000
2018-10-18 17:27:48,756 - FindElement.py - get_element > 16 > INFO：定位方式:id--->定位值:stockCode
2018-10-18 17:27:53,793 - TradeHandle.py - send_amount > 29 > INFO：输入股票数量1000
2018-10-18 17:27:53,795 - FindElement.py - get_element > 16 > INFO：定位方式:id--->定位值:amount
2018-10-18 17:27:53,860 - FindElement.py - get_element > 16 > INFO：定位方式:css--->定位值:#okbtn
2018-10-18 17:27:54,129 - FindElement.py - get_element > 16 > INFO：定位方式:css--->定位值:.xubox_yes
