2018-10-21 10:02:51,444 - LoginHandle.py - send_user > 11 > INFO：输入用户名15013695518
2018-10-21 10:02:51,456 - FindElement.py - get_element > 16 > INFO：定位方式:id--->定位值:login_id
2018-10-21 10:02:51,529 - LoginHandle.py - send_passwd > 15 > INFO：输入密码123456
2018-10-21 10:02:51,531 - FindElement.py - get_element > 16 > INFO：定位方式:id--->定位值:password
2018-10-21 10:02:51,551 - LoginHandle.py - send_tickt > 19 > INFO：输入验证码125
2018-10-21 10:02:51,552 - FindElement.py - get_element > 16 > INFO：定位方式:id--->定位值:ticket_image_value
2018-10-21 10:02:51,573 - FindElement.py - get_element > 16 > INFO：定位方式:id--->定位值:login
2018-10-21 10:02:59,046 - LoginHandle.py - send_user > 11 > INFO：输入用户名15013695517
2018-10-21 10:02:59,047 - FindElement.py - get_element > 16 > INFO：定位方式:id--->定位值:login_id
2018-10-21 10:02:59,080 - LoginHandle.py - send_passwd > 15 > INFO：输入密码123456
2018-10-21 10:02:59,083 - FindElement.py - get_element > 16 > INFO：定位方式:id--->定位值:password
2018-10-21 10:02:59,152 - LoginHandle.py - send_tickt > 19 > INFO：输入验证码25
2018-10-21 10:02:59,152 - FindElement.py - get_element > 16 > INFO：定位方式:id--->定位值:ticket_image_value
2018-10-21 10:02:59,164 - FindElement.py - get_element > 16 > INFO：定位方式:id--->定位值:login
2018-10-21 10:03:06,600 - LoginHandle.py - send_user > 11 > INFO：输入用户名15013695518
2018-10-21 10:03:06,601 - FindElement.py - get_element > 16 > INFO：定位方式:id--->定位值:login_id
2018-10-21 10:03:06,683 - LoginHandle.py - send_passwd > 15 > INFO：输入密码123456
2018-10-21 10:03:06,684 - FindElement.py - get_element > 16 > INFO：定位方式:id--->定位值:password
2018-10-21 10:03:06,699 - LoginHandle.py - send_tickt > 19 > INFO：输入验证码7777
2018-10-21 10:03:06,700 - FindElement.py - get_element > 16 > INFO：定位方式:id--->定位值:ticket_image_value
2018-10-21 10:03:06,713 - FindElement.py - get_element > 16 > INFO：定位方式:id--->定位值:login
2018-10-21 10:03:16,720 - LoginHandle.py - send_user > 11 > INFO：输入用户名15013695518
2018-10-21 10:03:16,720 - FindElement.py - get_element > 16 > INFO：定位方式:id--->定位值:login_id
2018-10-21 10:03:16,760 - LoginHandle.py - send_passwd > 15 > INFO：输入密码123456
2018-10-21 10:03:16,761 - FindElement.py - get_element > 16 > INFO：定位方式:id--->定位值:password
2018-10-21 10:03:16,773 - LoginHandle.py - send_tickt > 19 > INFO：输入验证码7777
2018-10-21 10:03:16,773 - FindElement.py - get_element > 16 > INFO：定位方式:id--->定位值:ticket_image_value
2018-10-21 10:03:16,786 - FindElement.py - get_element > 16 > INFO：定位方式:id--->定位值:login
