2018-10-23 16:00:24,768 - LoginHandle.py - send_user > 11 > INFO：输入用户名15013695518
2018-10-23 16:00:24,778 - FindElement.py - get_element > 16 > INFO：定位方式:id--->定位值:login_id
2018-10-23 16:00:24,840 - LoginHandle.py - send_passwd > 15 > INFO：输入密码123456
2018-10-23 16:00:24,842 - FindElement.py - get_element > 16 > INFO：定位方式:id--->定位值:password
2018-10-23 16:00:24,875 - LoginHandle.py - send_tickt > 19 > INFO：输入验证码125
2018-10-23 16:00:24,877 - FindElement.py - get_element > 16 > INFO：定位方式:id--->定位值:ticket_image_value
2018-10-23 16:00:24,905 - FindElement.py - get_element > 16 > INFO：定位方式:id--->定位值:login
2018-10-23 16:00:32,989 - LoginHandle.py - send_user > 11 > INFO：输入用户名15013695517
2018-10-23 16:00:32,990 - FindElement.py - get_element > 16 > INFO：定位方式:id--->定位值:login_id
2018-10-23 16:00:33,024 - LoginHandle.py - send_passwd > 15 > INFO：输入密码123456
2018-10-23 16:00:33,024 - FindElement.py - get_element > 16 > INFO：定位方式:id--->定位值:password
2018-10-23 16:00:33,040 - LoginHandle.py - send_tickt > 19 > INFO：输入验证码25
2018-10-23 16:00:33,040 - FindElement.py - get_element > 16 > INFO：定位方式:id--->定位值:ticket_image_value
2018-10-23 16:00:33,051 - FindElement.py - get_element > 16 > INFO：定位方式:id--->定位值:login
2018-10-23 16:55:12,651 - LoginHandle.py - send_user > 11 > INFO：输入用户名15013695518
2018-10-23 16:55:12,668 - FindElement.py - get_element > 16 > INFO：定位方式:id--->定位值:login_id
2018-10-23 16:55:12,727 - LoginHandle.py - send_passwd > 15 > INFO：输入密码123456
2018-10-23 16:55:12,727 - FindElement.py - get_element > 16 > INFO：定位方式:id--->定位值:password
2018-10-23 16:55:12,747 - LoginHandle.py - send_tickt > 19 > INFO：输入验证码7777
2018-10-23 16:55:12,748 - FindElement.py - get_element > 16 > INFO：定位方式:id--->定位值:ticket_image_value
2018-10-23 16:55:12,764 - FindElement.py - get_element > 16 > INFO：定位方式:id--->定位值:login
2018-10-23 16:55:23,996 - FindElement.py - get_element > 16 > INFO：定位方式:css--->定位值:#buy
2018-10-23 16:55:24,289 - TradeHandle.py - send_stock > 18 > INFO：输入股票代码000001
2018-10-23 16:55:24,292 - FindElement.py - get_element > 16 > INFO：定位方式:id--->定位值:stockCode
2018-10-23 16:55:29,334 - FindElement.py - get_element > 16 > INFO：定位方式:css--->定位值:#up_limit
2018-10-23 16:55:29,597 - TradeHandle.py - send_amount > 29 > INFO：输入股票数量1000
2018-10-23 16:55:29,599 - FindElement.py - get_element > 16 > INFO：定位方式:id--->定位值:amount
2018-10-23 16:55:29,661 - FindElement.py - get_element > 16 > INFO：定位方式:css--->定位值:#okbtn
2018-10-23 16:55:29,894 - FindElement.py - get_element > 16 > INFO：定位方式:css--->定位值:.xubox_yes
2018-10-23 16:55:37,914 - LoginHandle.py - send_user > 11 > INFO：输入用户名15013695518
2018-10-23 16:55:37,915 - FindElement.py - get_element > 16 > INFO：定位方式:id--->定位值:login_id
2018-10-23 16:55:37,957 - LoginHandle.py - send_passwd > 15 > INFO：输入密码123456
2018-10-23 16:55:37,958 - FindElement.py - get_element > 16 > INFO：定位方式:id--->定位值:password
2018-10-23 16:55:37,987 - LoginHandle.py - send_tickt > 19 > INFO：输入验证码7777
2018-10-23 16:55:37,988 - FindElement.py - get_element > 16 > INFO：定位方式:id--->定位值:ticket_image_value
2018-10-23 16:55:38,010 - FindElement.py - get_element > 16 > INFO：定位方式:id--->定位值:login
2018-10-23 16:55:48,918 - FindElement.py - get_element > 16 > INFO：定位方式:css--->定位值:#buy
2018-10-23 16:55:49,220 - TradeHandle.py - send_stock > 18 > INFO：输入股票代码600000
2018-10-23 16:55:49,220 - FindElement.py - get_element > 16 > INFO：定位方式:id--->定位值:stockCode
2018-10-23 16:55:54,259 - FindElement.py - get_element > 16 > INFO：定位方式:css--->定位值:#up_limit
2018-10-23 16:55:54,489 - TradeHandle.py - send_amount > 29 > INFO：输入股票数量1000
2018-10-23 16:55:54,491 - FindElement.py - get_element > 16 > INFO：定位方式:id--->定位值:amount
2018-10-23 16:55:54,550 - FindElement.py - get_element > 16 > INFO：定位方式:css--->定位值:#okbtn
2018-10-23 16:55:54,796 - FindElement.py - get_element > 16 > INFO：定位方式:css--->定位值:.xubox_yes
2018-10-23 16:55:55,011 - FindElement.py - get_element > 16 > INFO：定位方式:css--->定位值:.xubox_yes
2018-10-23 16:56:02,885 - LoginHandle.py - send_user > 11 > INFO：输入用户名15013695518
2018-10-23 16:56:02,886 - FindElement.py - get_element > 16 > INFO：定位方式:id--->定位值:login_id
2018-10-23 16:56:02,940 - LoginHandle.py - send_passwd > 15 > INFO：输入密码123456
2018-10-23 16:56:02,940 - FindElement.py - get_element > 16 > INFO：定位方式:id--->定位值:password
2018-10-23 16:56:02,968 - LoginHandle.py - send_tickt > 19 > INFO：输入验证码7777
2018-10-23 16:56:02,968 - FindElement.py - get_element > 16 > INFO：定位方式:id--->定位值:ticket_image_value
2018-10-23 16:56:03,002 - FindElement.py - get_element > 16 > INFO：定位方式:id--->定位值:login
2018-10-23 16:56:14,018 - FindElement.py - get_element > 16 > INFO：定位方式:css--->定位值:#buy
2018-10-23 16:56:14,254 - TradeHandle.py - send_stock > 18 > INFO：输入股票代码000001
2018-10-23 16:56:14,254 - FindElement.py - get_element > 16 > INFO：定位方式:id--->定位值:stockCode
2018-10-23 16:56:19,283 - TradeHandle.py - send_amount > 29 > INFO：输入股票数量1000
2018-10-23 16:56:19,285 - FindElement.py - get_element > 16 > INFO：定位方式:id--->定位值:amount
2018-10-23 16:56:19,329 - FindElement.py - get_element > 16 > INFO：定位方式:css--->定位值:#okbtn
2018-10-23 16:56:19,554 - FindElement.py - get_element > 16 > INFO：定位方式:css--->定位值:.xubox_yes
2018-10-23 16:56:27,654 - LoginHandle.py - send_user > 11 > INFO：输入用户名15013695518
2018-10-23 16:56:27,656 - FindElement.py - get_element > 16 > INFO：定位方式:id--->定位值:login_id
2018-10-23 16:56:27,690 - LoginHandle.py - send_passwd > 15 > INFO：输入密码123456
2018-10-23 16:56:27,691 - FindElement.py - get_element > 16 > INFO：定位方式:id--->定位值:password
2018-10-23 16:56:27,705 - LoginHandle.py - send_tickt > 19 > INFO：输入验证码7777
2018-10-23 16:56:27,706 - FindElement.py - get_element > 16 > INFO：定位方式:id--->定位值:ticket_image_value
2018-10-23 16:56:27,717 - FindElement.py - get_element > 16 > INFO：定位方式:id--->定位值:login
2018-10-23 16:56:38,402 - FindElement.py - get_element > 16 > INFO：定位方式:css--->定位值:#buy
2018-10-23 16:56:38,647 - TradeHandle.py - send_stock > 18 > INFO：输入股票代码600000
2018-10-23 16:56:38,648 - FindElement.py - get_element > 16 > INFO：定位方式:id--->定位值:stockCode
2018-10-23 16:56:43,718 - TradeHandle.py - send_amount > 29 > INFO：输入股票数量1000
2018-10-23 16:56:43,720 - FindElement.py - get_element > 16 > INFO：定位方式:id--->定位值:amount
2018-10-23 16:56:43,757 - FindElement.py - get_element > 16 > INFO：定位方式:css--->定位值:#okbtn
2018-10-23 16:56:44,019 - FindElement.py - get_element > 16 > INFO：定位方式:css--->定位值:.xubox_yes
2018-10-23 16:57:51,358 - LoginHandle.py - send_user > 11 > INFO：输入用户名15013695518
2018-10-23 16:57:51,359 - FindElement.py - get_element > 16 > INFO：定位方式:id--->定位值:login_id
2018-10-23 16:57:51,405 - LoginHandle.py - send_passwd > 15 > INFO：输入密码123456
2018-10-23 16:57:51,406 - FindElement.py - get_element > 16 > INFO：定位方式:id--->定位值:password
2018-10-23 16:57:51,425 - LoginHandle.py - send_tickt > 19 > INFO：输入验证码7777
2018-10-23 16:57:51,426 - FindElement.py - get_element > 16 > INFO：定位方式:id--->定位值:ticket_image_value
2018-10-23 16:57:51,442 - FindElement.py - get_element > 16 > INFO：定位方式:id--->定位值:login
2018-10-23 16:58:01,959 - FindElement.py - get_element > 16 > INFO：定位方式:css--->定位值:#buy
2018-10-23 16:58:02,208 - TradeHandle.py - send_stock > 18 > INFO：输入股票代码000001
2018-10-23 16:58:02,209 - FindElement.py - get_element > 16 > INFO：定位方式:id--->定位值:stockCode
2018-10-23 16:58:07,255 - FindElement.py - get_element > 16 > INFO：定位方式:css--->定位值:#up_limit
2018-10-23 16:58:07,517 - TradeHandle.py - send_amount > 29 > INFO：输入股票数量1000
2018-10-23 16:58:07,519 - FindElement.py - get_element > 16 > INFO：定位方式:id--->定位值:amount
2018-10-23 16:58:07,558 - FindElement.py - get_element > 16 > INFO：定位方式:css--->定位值:#okbtn
2018-10-23 16:58:07,792 - FindElement.py - get_element > 16 > INFO：定位方式:css--->定位值:.xubox_yes
2018-10-23 16:58:08,022 - FindElement.py - get_element > 16 > INFO：定位方式:css--->定位值:.xubox_yes
2018-10-23 16:58:16,170 - LoginHandle.py - send_user > 11 > INFO：输入用户名15013695518
2018-10-23 16:58:16,171 - FindElement.py - get_element > 16 > INFO：定位方式:id--->定位值:login_id
2018-10-23 16:58:16,213 - LoginHandle.py - send_passwd > 15 > INFO：输入密码123456
2018-10-23 16:58:16,214 - FindElement.py - get_element > 16 > INFO：定位方式:id--->定位值:password
2018-10-23 16:58:16,239 - LoginHandle.py - send_tickt > 19 > INFO：输入验证码7777
2018-10-23 16:58:16,240 - FindElement.py - get_element > 16 > INFO：定位方式:id--->定位值:ticket_image_value
2018-10-23 16:58:16,263 - FindElement.py - get_element > 16 > INFO：定位方式:id--->定位值:login
2018-10-23 16:58:27,051 - FindElement.py - get_element > 16 > INFO：定位方式:css--->定位值:#buy
2018-10-23 16:58:27,326 - TradeHandle.py - send_stock > 18 > INFO：输入股票代码600000
2018-10-23 16:58:27,327 - FindElement.py - get_element > 16 > INFO：定位方式:id--->定位值:stockCode
2018-10-23 16:58:32,363 - FindElement.py - get_element > 16 > INFO：定位方式:css--->定位值:#up_limit
2018-10-23 16:58:32,616 - TradeHandle.py - send_amount > 29 > INFO：输入股票数量1000
2018-10-23 16:58:32,618 - FindElement.py - get_element > 16 > INFO：定位方式:id--->定位值:amount
2018-10-23 16:58:32,658 - FindElement.py - get_element > 16 > INFO：定位方式:css--->定位值:#okbtn
2018-10-23 16:58:32,882 - FindElement.py - get_element > 16 > INFO：定位方式:css--->定位值:.xubox_yes
2018-10-23 16:58:33,131 - FindElement.py - get_element > 16 > INFO：定位方式:css--->定位值:.xubox_yes
2018-10-23 16:58:41,312 - LoginHandle.py - send_user > 11 > INFO：输入用户名15013695518
2018-10-23 16:58:41,313 - FindElement.py - get_element > 16 > INFO：定位方式:id--->定位值:login_id
2018-10-23 16:58:41,350 - LoginHandle.py - send_passwd > 15 > INFO：输入密码123456
2018-10-23 16:58:41,351 - FindElement.py - get_element > 16 > INFO：定位方式:id--->定位值:password
2018-10-23 16:58:41,379 - LoginHandle.py - send_tickt > 19 > INFO：输入验证码7777
2018-10-23 16:58:41,379 - FindElement.py - get_element > 16 > INFO：定位方式:id--->定位值:ticket_image_value
2018-10-23 16:58:41,395 - FindElement.py - get_element > 16 > INFO：定位方式:id--->定位值:login
2018-10-23 16:58:52,045 - FindElement.py - get_element > 16 > INFO：定位方式:css--->定位值:#buy
2018-10-23 16:58:52,313 - TradeHandle.py - send_stock > 18 > INFO：输入股票代码000001
2018-10-23 16:58:52,313 - FindElement.py - get_element > 16 > INFO：定位方式:id--->定位值:stockCode
2018-10-23 16:58:57,351 - TradeHandle.py - send_amount > 29 > INFO：输入股票数量1000
2018-10-23 16:58:57,354 - FindElement.py - get_element > 16 > INFO：定位方式:id--->定位值:amount
2018-10-23 16:58:57,433 - FindElement.py - get_element > 16 > INFO：定位方式:css--->定位值:#okbtn
2018-10-23 16:58:57,672 - FindElement.py - get_element > 16 > INFO：定位方式:css--->定位值:.xubox_yes
2018-10-23 16:59:05,769 - LoginHandle.py - send_user > 11 > INFO：输入用户名15013695518
2018-10-23 16:59:05,770 - FindElement.py - get_element > 16 > INFO：定位方式:id--->定位值:login_id
2018-10-23 16:59:05,809 - LoginHandle.py - send_passwd > 15 > INFO：输入密码123456
2018-10-23 16:59:05,809 - FindElement.py - get_element > 16 > INFO：定位方式:id--->定位值:password
2018-10-23 16:59:05,828 - LoginHandle.py - send_tickt > 19 > INFO：输入验证码7777
2018-10-23 16:59:05,829 - FindElement.py - get_element > 16 > INFO：定位方式:id--->定位值:ticket_image_value
2018-10-23 16:59:05,851 - FindElement.py - get_element > 16 > INFO：定位方式:id--->定位值:login
2018-10-23 16:59:16,503 - FindElement.py - get_element > 16 > INFO：定位方式:css--->定位值:#buy
2018-10-23 16:59:16,781 - TradeHandle.py - send_stock > 18 > INFO：输入股票代码600000
2018-10-23 16:59:16,782 - FindElement.py - get_element > 16 > INFO：定位方式:id--->定位值:stockCode
2018-10-23 16:59:21,814 - TradeHandle.py - send_amount > 29 > INFO：输入股票数量1000
2018-10-23 16:59:21,817 - FindElement.py - get_element > 16 > INFO：定位方式:id--->定位值:amount
2018-10-23 16:59:21,876 - FindElement.py - get_element > 16 > INFO：定位方式:css--->定位值:#okbtn
2018-10-23 16:59:22,104 - FindElement.py - get_element > 16 > INFO：定位方式:css--->定位值:.xubox_yes
2018-10-23 16:59:30,119 - LoginHandle.py - send_user > 11 > INFO：输入用户名15013695518
2018-10-23 16:59:30,122 - FindElement.py - get_element > 16 > INFO：定位方式:id--->定位值:login_id
2018-10-23 16:59:30,186 - LoginHandle.py - send_passwd > 15 > INFO：输入密码123456
2018-10-23 16:59:30,188 - FindElement.py - get_element > 16 > INFO：定位方式:id--->定位值:password
2018-10-23 16:59:30,209 - LoginHandle.py - send_tickt > 19 > INFO：输入验证码125
2018-10-23 16:59:30,211 - FindElement.py - get_element > 16 > INFO：定位方式:id--->定位值:ticket_image_value
2018-10-23 16:59:30,227 - FindElement.py - get_element > 16 > INFO：定位方式:id--->定位值:login
2018-10-23 16:59:38,645 - LoginHandle.py - send_user > 11 > INFO：输入用户名15013695517
2018-10-23 16:59:38,646 - FindElement.py - get_element > 16 > INFO：定位方式:id--->定位值:login_id
2018-10-23 16:59:38,688 - LoginHandle.py - send_passwd > 15 > INFO：输入密码123456
2018-10-23 16:59:38,689 - FindElement.py - get_element > 16 > INFO：定位方式:id--->定位值:password
2018-10-23 16:59:38,708 - LoginHandle.py - send_tickt > 19 > INFO：输入验证码25
2018-10-23 16:59:38,708 - FindElement.py - get_element > 16 > INFO：定位方式:id--->定位值:ticket_image_value
2018-10-23 16:59:38,728 - FindElement.py - get_element > 16 > INFO：定位方式:id--->定位值:login
2018-10-23 17:14:33,689 - LoginHandle.py - send_user > 11 > INFO：输入用户名15013695518
2018-10-23 17:14:33,690 - FindElement.py - get_element > 16 > INFO：定位方式:id--->定位值:login_id
2018-10-23 17:14:33,729 - LoginHandle.py - send_passwd > 15 > INFO：输入密码123456
2018-10-23 17:14:33,730 - FindElement.py - get_element > 16 > INFO：定位方式:id--->定位值:password
2018-10-23 17:14:33,748 - LoginHandle.py - send_tickt > 19 > INFO：输入验证码7777
2018-10-23 17:14:33,749 - FindElement.py - get_element > 16 > INFO：定位方式:id--->定位值:ticket_image_value
2018-10-23 17:14:33,765 - FindElement.py - get_element > 16 > INFO：定位方式:id--->定位值:login
2018-10-23 17:14:44,471 - FindElement.py - get_element > 16 > INFO：定位方式:css--->定位值:#buy
2018-10-23 17:14:44,713 - TradeHandle.py - send_stock > 18 > INFO：输入股票代码000001
2018-10-23 17:14:44,715 - FindElement.py - get_element > 16 > INFO：定位方式:id--->定位值:stockCode
2018-10-23 17:26:23,418 - LoginHandle.py - send_user > 11 > INFO：输入用户名15013695518
2018-10-23 17:26:23,419 - FindElement.py - get_element > 16 > INFO：定位方式:id--->定位值:login_id
2018-10-23 17:26:23,492 - LoginHandle.py - send_passwd > 15 > INFO：输入密码123456
2018-10-23 17:26:23,493 - FindElement.py - get_element > 16 > INFO：定位方式:id--->定位值:password
2018-10-23 17:26:23,515 - LoginHandle.py - send_tickt > 19 > INFO：输入验证码7777
2018-10-23 17:26:23,516 - FindElement.py - get_element > 16 > INFO：定位方式:id--->定位值:ticket_image_value
2018-10-23 17:26:23,538 - FindElement.py - get_element > 16 > INFO：定位方式:id--->定位值:login
2018-10-23 18:09:25,472 - FindElement.py - get_element > 16 > INFO：定位方式:css--->定位值:span.xubox_msg:nth-child(2)
2018-10-23 18:11:09,316 - LoginHandle.py - send_user > 11 > INFO：输入用户名15013695518
2018-10-23 18:11:09,318 - FindElement.py - get_element > 16 > INFO：定位方式:id--->定位值:login_id
2018-10-23 18:11:09,376 - LoginHandle.py - send_passwd > 15 > INFO：输入密码123456
2018-10-23 18:11:09,377 - FindElement.py - get_element > 16 > INFO：定位方式:id--->定位值:password
2018-10-23 18:11:09,399 - LoginHandle.py - send_tickt > 19 > INFO：输入验证码125
2018-10-23 18:11:09,399 - FindElement.py - get_element > 16 > INFO：定位方式:id--->定位值:ticket_image_value
2018-10-23 18:11:09,417 - FindElement.py - get_element > 16 > INFO：定位方式:id--->定位值:login
2018-10-23 18:11:17,933 - LoginHandle.py - send_user > 11 > INFO：输入用户名15013695517
2018-10-23 18:11:17,935 - FindElement.py - get_element > 16 > INFO：定位方式:id--->定位值:login_id
2018-10-23 18:11:17,977 - LoginHandle.py - send_passwd > 15 > INFO：输入密码123456
2018-10-23 18:11:17,978 - FindElement.py - get_element > 16 > INFO：定位方式:id--->定位值:password
2018-10-23 18:11:17,998 - LoginHandle.py - send_tickt > 19 > INFO：输入验证码25
2018-10-23 18:11:17,998 - FindElement.py - get_element > 16 > INFO：定位方式:id--->定位值:ticket_image_value
2018-10-23 18:11:18,022 - FindElement.py - get_element > 16 > INFO：定位方式:id--->定位值:login
2018-10-23 18:28:47,716 - LoginHandle.py - send_user > 11 > INFO：输入用户名15013695518
2018-10-23 18:28:47,716 - FindElement.py - get_element > 16 > INFO：定位方式:id--->定位值:login_id
2018-10-23 18:28:47,756 - LoginHandle.py - send_passwd > 15 > INFO：输入密码123456
2018-10-23 18:28:47,757 - FindElement.py - get_element > 16 > INFO：定位方式:id--->定位值:password
2018-10-23 18:28:47,820 - LoginHandle.py - send_tickt > 19 > INFO：输入验证码7777
2018-10-23 18:28:47,821 - FindElement.py - get_element > 16 > INFO：定位方式:id--->定位值:ticket_image_value
2018-10-23 18:28:47,839 - FindElement.py - get_element > 16 > INFO：定位方式:id--->定位值:login
2018-10-23 18:28:58,257 - LoginHandle.py - send_user > 11 > INFO：输入用户名15013695518
2018-10-23 18:28:58,259 - FindElement.py - get_element > 16 > INFO：定位方式:id--->定位值:login_id
2018-10-23 18:28:58,293 - LoginHandle.py - send_passwd > 15 > INFO：输入密码123456
2018-10-23 18:28:58,294 - FindElement.py - get_element > 16 > INFO：定位方式:id--->定位值:password
2018-10-23 18:28:58,309 - LoginHandle.py - send_tickt > 19 > INFO：输入验证码7777
2018-10-23 18:28:58,310 - FindElement.py - get_element > 16 > INFO：定位方式:id--->定位值:ticket_image_value
2018-10-23 18:28:58,325 - FindElement.py - get_element > 16 > INFO：定位方式:id--->定位值:login
2018-10-23 18:29:08,810 - LoginHandle.py - send_user > 11 > INFO：输入用户名15013695518
2018-10-23 18:29:08,811 - FindElement.py - get_element > 16 > INFO：定位方式:id--->定位值:login_id
2018-10-23 18:29:08,835 - LoginHandle.py - send_passwd > 15 > INFO：输入密码123456
2018-10-23 18:29:08,836 - FindElement.py - get_element > 16 > INFO：定位方式:id--->定位值:password
2018-10-23 18:29:08,846 - LoginHandle.py - send_tickt > 19 > INFO：输入验证码7777
2018-10-23 18:29:08,847 - FindElement.py - get_element > 16 > INFO：定位方式:id--->定位值:ticket_image_value
2018-10-23 18:29:08,859 - FindElement.py - get_element > 16 > INFO：定位方式:id--->定位值:login
2018-10-23 18:29:19,790 - LoginHandle.py - send_user > 11 > INFO：输入用户名15013695518
2018-10-23 18:29:19,791 - FindElement.py - get_element > 16 > INFO：定位方式:id--->定位值:login_id
2018-10-23 18:29:19,838 - LoginHandle.py - send_passwd > 15 > INFO：输入密码123456
2018-10-23 18:29:19,840 - FindElement.py - get_element > 16 > INFO：定位方式:id--->定位值:password
2018-10-23 18:29:19,859 - LoginHandle.py - send_tickt > 19 > INFO：输入验证码7777
2018-10-23 18:29:19,860 - FindElement.py - get_element > 16 > INFO：定位方式:id--->定位值:ticket_image_value
2018-10-23 18:29:19,877 - FindElement.py - get_element > 16 > INFO：定位方式:id--->定位值:login
2018-10-23 18:29:29,950 - FindElement.py - get_element > 16 > INFO：定位方式:css--->定位值:#buy
2018-10-23 18:29:30,714 - TradeHandle.py - send_stock > 18 > INFO：输入股票代码600000
2018-10-23 18:29:30,717 - FindElement.py - get_element > 16 > INFO：定位方式:id--->定位值:stockCode
2018-10-23 18:29:35,824 - TradeHandle.py - send_amount > 29 > INFO：输入股票数量1000
2018-10-23 18:29:35,825 - FindElement.py - get_element > 16 > INFO：定位方式:id--->定位值:amount
2018-10-23 18:29:35,868 - FindElement.py - get_element > 16 > INFO：定位方式:css--->定位值:#okbtn
2018-10-23 18:29:36,590 - FindElement.py - get_element > 16 > INFO：定位方式:css--->定位值:.xubox_yes
2018-10-23 23:31:46,712 - LoginHandle.py - send_user > 11 > INFO：输入用户名15013695518
2018-10-23 23:31:46,723 - FindElement.py - get_element > 16 > INFO：定位方式:id--->定位值:login_id
2018-10-23 23:31:46,792 - LoginHandle.py - send_passwd > 15 > INFO：输入密码123456
2018-10-23 23:31:46,793 - FindElement.py - get_element > 16 > INFO：定位方式:id--->定位值:password
2018-10-23 23:31:46,858 - LoginHandle.py - send_tickt > 19 > INFO：输入验证码7777
2018-10-23 23:31:46,859 - FindElement.py - get_element > 16 > INFO：定位方式:id--->定位值:ticket_image_value
2018-10-23 23:31:46,879 - FindElement.py - get_element > 16 > INFO：定位方式:id--->定位值:login
2018-10-23 23:31:57,995 - FindElement.py - get_element > 16 > INFO：定位方式:css--->定位值:#buy
2018-10-23 23:31:58,325 - TradeHandle.py - send_stock > 18 > INFO：输入股票代码000001
2018-10-23 23:31:58,327 - FindElement.py - get_element > 16 > INFO：定位方式:id--->定位值:stockCode
2018-10-23 23:32:03,395 - FindElement.py - get_element > 16 > INFO：定位方式:css--->定位值:#up_limit
2018-10-23 23:32:03,672 - TradeHandle.py - send_amount > 29 > INFO：输入股票数量1000
2018-10-23 23:32:03,674 - FindElement.py - get_element > 16 > INFO：定位方式:id--->定位值:amount
2018-10-23 23:32:03,732 - FindElement.py - get_element > 16 > INFO：定位方式:css--->定位值:#okbtn
2018-10-23 23:32:04,033 - FindElement.py - get_element > 16 > INFO：定位方式:css--->定位值:.xubox_yes
2018-10-23 23:32:04,324 - FindElement.py - get_element > 16 > INFO：定位方式:css--->定位值:.xubox_yes
2018-10-23 23:32:13,695 - LoginHandle.py - send_user > 11 > INFO：输入用户名15013695518
2018-10-23 23:32:13,698 - FindElement.py - get_element > 16 > INFO：定位方式:id--->定位值:login_id
2018-10-23 23:32:13,777 - LoginHandle.py - send_passwd > 15 > INFO：输入密码123456
2018-10-23 23:32:13,777 - FindElement.py - get_element > 16 > INFO：定位方式:id--->定位值:password
2018-10-23 23:32:13,839 - LoginHandle.py - send_tickt > 19 > INFO：输入验证码7777
2018-10-23 23:32:13,841 - FindElement.py - get_element > 16 > INFO：定位方式:id--->定位值:ticket_image_value
2018-10-23 23:32:13,898 - FindElement.py - get_element > 16 > INFO：定位方式:id--->定位值:login
2018-10-23 23:32:25,154 - FindElement.py - get_element > 16 > INFO：定位方式:css--->定位值:#buy
2018-10-23 23:32:25,473 - TradeHandle.py - send_stock > 18 > INFO：输入股票代码600000
2018-10-23 23:32:25,478 - FindElement.py - get_element > 16 > INFO：定位方式:id--->定位值:stockCode
2018-10-23 23:32:30,656 - FindElement.py - get_element > 16 > INFO：定位方式:css--->定位值:#up_limit
2018-10-23 23:32:30,926 - TradeHandle.py - send_amount > 29 > INFO：输入股票数量1000
2018-10-23 23:32:30,928 - FindElement.py - get_element > 16 > INFO：定位方式:id--->定位值:amount
2018-10-23 23:32:31,049 - FindElement.py - get_element > 16 > INFO：定位方式:css--->定位值:#okbtn
2018-10-23 23:32:31,347 - FindElement.py - get_element > 16 > INFO：定位方式:css--->定位值:.xubox_yes
2018-10-23 23:32:31,615 - FindElement.py - get_element > 16 > INFO：定位方式:css--->定位值:.xubox_yes
2018-10-23 23:32:42,307 - LoginHandle.py - send_user > 11 > INFO：输入用户名15013695518
2018-10-23 23:32:42,310 - FindElement.py - get_element > 16 > INFO：定位方式:id--->定位值:login_id
2018-10-23 23:32:42,452 - LoginHandle.py - send_passwd > 15 > INFO：输入密码123456
2018-10-23 23:32:42,454 - FindElement.py - get_element > 16 > INFO：定位方式:id--->定位值:password
2018-10-23 23:32:42,503 - LoginHandle.py - send_tickt > 19 > INFO：输入验证码7777
2018-10-23 23:32:42,507 - FindElement.py - get_element > 16 > INFO：定位方式:id--->定位值:ticket_image_value
2018-10-23 23:32:42,551 - FindElement.py - get_element > 16 > INFO：定位方式:id--->定位值:login
2018-10-23 23:35:06,512 - LoginHandle.py - send_user > 11 > INFO：输入用户名15013695518
2018-10-23 23:35:06,515 - FindElement.py - get_element > 16 > INFO：定位方式:id--->定位值:login_id
2018-10-23 23:35:06,646 - LoginHandle.py - send_passwd > 15 > INFO：输入密码123456
2018-10-23 23:35:06,648 - FindElement.py - get_element > 16 > INFO：定位方式:id--->定位值:password
2018-10-23 23:35:06,736 - LoginHandle.py - send_tickt > 19 > INFO：输入验证码7777
2018-10-23 23:35:06,738 - FindElement.py - get_element > 16 > INFO：定位方式:id--->定位值:ticket_image_value
2018-10-23 23:35:06,775 - FindElement.py - get_element > 16 > INFO：定位方式:id--->定位值:login
2018-10-23 23:35:50,969 - LoginHandle.py - send_user > 11 > INFO：输入用户名15013695518
2018-10-23 23:35:50,970 - FindElement.py - get_element > 16 > INFO：定位方式:id--->定位值:login_id
2018-10-23 23:35:51,034 - LoginHandle.py - send_passwd > 15 > INFO：输入密码123456
2018-10-23 23:35:51,035 - FindElement.py - get_element > 16 > INFO：定位方式:id--->定位值:password
2018-10-23 23:35:51,066 - LoginHandle.py - send_tickt > 19 > INFO：输入验证码125
2018-10-23 23:35:51,068 - FindElement.py - get_element > 16 > INFO：定位方式:id--->定位值:ticket_image_value
2018-10-23 23:35:51,122 - FindElement.py - get_element > 16 > INFO：定位方式:id--->定位值:login
2018-10-23 23:36:07,833 - LoginHandle.py - send_user > 11 > INFO：输入用户名15013695517
2018-10-23 23:36:07,837 - FindElement.py - get_element > 16 > INFO：定位方式:id--->定位值:login_id
2018-10-23 23:36:07,992 - LoginHandle.py - send_passwd > 15 > INFO：输入密码123456
2018-10-23 23:36:07,994 - FindElement.py - get_element > 16 > INFO：定位方式:id--->定位值:password
2018-10-23 23:36:08,064 - LoginHandle.py - send_tickt > 19 > INFO：输入验证码25
2018-10-23 23:36:08,067 - FindElement.py - get_element > 16 > INFO：定位方式:id--->定位值:ticket_image_value
2018-10-23 23:36:08,152 - FindElement.py - get_element > 16 > INFO：定位方式:id--->定位值:login
2018-10-23 23:36:45,916 - LoginHandle.py - send_user > 11 > INFO：输入用户名15013695518
2018-10-23 23:36:45,920 - FindElement.py - get_element > 16 > INFO：定位方式:id--->定位值:login_id
2018-10-23 23:36:46,099 - LoginHandle.py - send_passwd > 15 > INFO：输入密码123456
2018-10-23 23:36:46,101 - FindElement.py - get_element > 16 > INFO：定位方式:id--->定位值:password
2018-10-23 23:36:46,217 - LoginHandle.py - send_tickt > 19 > INFO：输入验证码125
2018-10-23 23:36:46,218 - FindElement.py - get_element > 16 > INFO：定位方式:id--->定位值:ticket_image_value
2018-10-23 23:36:46,265 - FindElement.py - get_element > 16 > INFO：定位方式:id--->定位值:login
2018-10-23 23:36:55,962 - LoginHandle.py - send_user > 11 > INFO：输入用户名15013695517
2018-10-23 23:36:55,965 - FindElement.py - get_element > 16 > INFO：定位方式:id--->定位值:login_id
2018-10-23 23:36:56,088 - LoginHandle.py - send_passwd > 15 > INFO：输入密码123456
2018-10-23 23:36:56,089 - FindElement.py - get_element > 16 > INFO：定位方式:id--->定位值:password
2018-10-23 23:36:56,172 - LoginHandle.py - send_tickt > 19 > INFO：输入验证码25
2018-10-23 23:36:56,175 - FindElement.py - get_element > 16 > INFO：定位方式:id--->定位值:ticket_image_value
2018-10-23 23:36:56,237 - FindElement.py - get_element > 16 > INFO：定位方式:id--->定位值:login
2018-10-23 23:38:57,175 - LoginHandle.py - send_user > 11 > INFO：输入用户名15013695518
2018-10-23 23:38:57,179 - FindElement.py - get_element > 16 > INFO：定位方式:id--->定位值:login_id
2018-10-23 23:38:57,280 - LoginHandle.py - send_passwd > 15 > INFO：输入密码123456
2018-10-23 23:38:57,283 - FindElement.py - get_element > 16 > INFO：定位方式:id--->定位值:password
2018-10-23 23:38:57,346 - LoginHandle.py - send_tickt > 19 > INFO：输入验证码7777
2018-10-23 23:38:57,349 - FindElement.py - get_element > 16 > INFO：定位方式:id--->定位值:ticket_image_value
2018-10-23 23:38:57,399 - FindElement.py - get_element > 16 > INFO：定位方式:id--->定位值:login
2018-10-23 23:39:08,606 - FindElement.py - get_element > 16 > INFO：定位方式:css--->定位值:#buy
2018-10-23 23:39:08,919 - TradeHandle.py - send_stock > 18 > INFO：输入股票代码000001
2018-10-23 23:39:08,922 - FindElement.py - get_element > 16 > INFO：定位方式:id--->定位值:stockCode
2018-10-23 23:39:26,876 - LoginHandle.py - send_user > 11 > INFO：输入用户名15013695518
2018-10-23 23:39:26,879 - FindElement.py - get_element > 16 > INFO：定位方式:id--->定位值:login_id
2018-10-23 23:39:26,969 - LoginHandle.py - send_passwd > 15 > INFO：输入密码123456
2018-10-23 23:39:26,970 - FindElement.py - get_element > 16 > INFO：定位方式:id--->定位值:password
2018-10-23 23:39:27,053 - LoginHandle.py - send_tickt > 19 > INFO：输入验证码125
2018-10-23 23:39:27,055 - FindElement.py - get_element > 16 > INFO：定位方式:id--->定位值:ticket_image_value
2018-10-23 23:39:27,092 - FindElement.py - get_element > 16 > INFO：定位方式:id--->定位值:login
2018-10-23 23:39:36,837 - LoginHandle.py - send_user > 11 > INFO：输入用户名15013695517
2018-10-23 23:39:36,841 - FindElement.py - get_element > 16 > INFO：定位方式:id--->定位值:login_id
2018-10-23 23:39:36,954 - LoginHandle.py - send_passwd > 15 > INFO：输入密码123456
2018-10-23 23:39:36,957 - FindElement.py - get_element > 16 > INFO：定位方式:id--->定位值:password
2018-10-23 23:39:37,013 - LoginHandle.py - send_tickt > 19 > INFO：输入验证码25
2018-10-23 23:39:37,016 - FindElement.py - get_element > 16 > INFO：定位方式:id--->定位值:ticket_image_value
2018-10-23 23:39:37,055 - FindElement.py - get_element > 16 > INFO：定位方式:id--->定位值:login
