2018-10-20 10:06:05,023 - LoginHandle.py - send_user > 11 > INFO：输入用户名15013695518
2018-10-20 10:06:05,039 - FindElement.py - get_element > 16 > INFO：定位方式:id--->定位值:login_id
2018-10-20 10:06:05,111 - LoginHandle.py - send_passwd > 15 > INFO：输入密码123456
2018-10-20 10:06:05,112 - FindElement.py - get_element > 16 > INFO：定位方式:id--->定位值:password
2018-10-20 10:06:05,133 - LoginHandle.py - send_tickt > 19 > INFO：输入验证码7777
2018-10-20 10:06:05,133 - FindElement.py - get_element > 16 > INFO：定位方式:id--->定位值:ticket_image_value
2018-10-20 10:06:05,172 - FindElement.py - get_element > 16 > INFO：定位方式:id--->定位值:login
2018-10-20 10:06:15,602 - FindElement.py - get_element > 16 > INFO：定位方式:css--->定位值:#buy
2018-10-20 10:06:15,863 - TradeHandle.py - send_stock > 18 > INFO：输入股票代码000001
2018-10-20 10:06:15,864 - FindElement.py - get_element > 16 > INFO：定位方式:id--->定位值:stockCode
2018-10-20 10:06:20,920 - FindElement.py - get_element > 16 > INFO：定位方式:css--->定位值:#up_limit
2018-10-20 10:06:21,239 - TradeHandle.py - send_amount > 29 > INFO：输入股票数量1000
2018-10-20 10:06:21,240 - FindElement.py - get_element > 16 > INFO：定位方式:id--->定位值:amount
2018-10-20 10:06:21,263 - FindElement.py - get_element > 16 > INFO：定位方式:css--->定位值:#okbtn
2018-10-20 10:06:21,501 - FindElement.py - get_element > 16 > INFO：定位方式:css--->定位值:.xubox_yes
2018-10-20 10:06:21,736 - FindElement.py - get_element > 16 > INFO：定位方式:css--->定位值:.xubox_yes
2018-10-20 10:06:31,231 - LoginHandle.py - send_user > 11 > INFO：输入用户名15013695518
2018-10-20 10:06:31,232 - FindElement.py - get_element > 16 > INFO：定位方式:id--->定位值:login_id
2018-10-20 10:06:31,282 - LoginHandle.py - send_passwd > 15 > INFO：输入密码123456
2018-10-20 10:06:31,283 - FindElement.py - get_element > 16 > INFO：定位方式:id--->定位值:password
2018-10-20 10:06:31,303 - LoginHandle.py - send_tickt > 19 > INFO：输入验证码7777
2018-10-20 10:06:31,304 - FindElement.py - get_element > 16 > INFO：定位方式:id--->定位值:ticket_image_value
2018-10-20 10:06:31,323 - FindElement.py - get_element > 16 > INFO：定位方式:id--->定位值:login
2018-10-20 10:06:42,983 - FindElement.py - get_element > 16 > INFO：定位方式:css--->定位值:#buy
2018-10-20 10:06:43,271 - TradeHandle.py - send_stock > 18 > INFO：输入股票代码600000
2018-10-20 10:06:43,274 - FindElement.py - get_element > 16 > INFO：定位方式:id--->定位值:stockCode
2018-10-20 10:06:48,353 - FindElement.py - get_element > 16 > INFO：定位方式:css--->定位值:#up_limit
2018-10-20 10:06:48,589 - TradeHandle.py - send_amount > 29 > INFO：输入股票数量1000
2018-10-20 10:06:48,591 - FindElement.py - get_element > 16 > INFO：定位方式:id--->定位值:amount
2018-10-20 10:06:48,620 - FindElement.py - get_element > 16 > INFO：定位方式:css--->定位值:#okbtn
2018-10-20 10:06:48,861 - FindElement.py - get_element > 16 > INFO：定位方式:css--->定位值:.xubox_yes
2018-10-20 10:06:49,098 - FindElement.py - get_element > 16 > INFO：定位方式:css--->定位值:.xubox_yes
2018-10-20 10:06:58,862 - LoginHandle.py - send_user > 11 > INFO：输入用户名15013695518
2018-10-20 10:06:58,863 - FindElement.py - get_element > 16 > INFO：定位方式:id--->定位值:login_id
2018-10-20 10:06:58,906 - LoginHandle.py - send_passwd > 15 > INFO：输入密码123456
2018-10-20 10:06:58,908 - FindElement.py - get_element > 16 > INFO：定位方式:id--->定位值:password
2018-10-20 10:06:58,928 - LoginHandle.py - send_tickt > 19 > INFO：输入验证码7777
2018-10-20 10:06:58,929 - FindElement.py - get_element > 16 > INFO：定位方式:id--->定位值:ticket_image_value
2018-10-20 10:06:58,988 - FindElement.py - get_element > 16 > INFO：定位方式:id--->定位值:login
2018-10-20 10:07:10,211 - FindElement.py - get_element > 16 > INFO：定位方式:css--->定位值:#buy
2018-10-20 10:07:10,484 - TradeHandle.py - send_stock > 18 > INFO：输入股票代码000001
2018-10-20 10:07:10,485 - FindElement.py - get_element > 16 > INFO：定位方式:id--->定位值:stockCode
2018-10-20 10:07:15,551 - TradeHandle.py - send_amount > 29 > INFO：输入股票数量1000
2018-10-20 10:07:15,551 - FindElement.py - get_element > 16 > INFO：定位方式:id--->定位值:amount
2018-10-20 10:07:15,585 - FindElement.py - get_element > 16 > INFO：定位方式:css--->定位值:#okbtn
2018-10-20 10:07:15,823 - FindElement.py - get_element > 16 > INFO：定位方式:css--->定位值:.xubox_yes
2018-10-20 10:07:25,637 - LoginHandle.py - send_user > 11 > INFO：输入用户名15013695518
2018-10-20 10:07:25,640 - FindElement.py - get_element > 16 > INFO：定位方式:id--->定位值:login_id
2018-10-20 10:07:25,692 - LoginHandle.py - send_passwd > 15 > INFO：输入密码123456
2018-10-20 10:07:25,694 - FindElement.py - get_element > 16 > INFO：定位方式:id--->定位值:password
2018-10-20 10:07:25,719 - LoginHandle.py - send_tickt > 19 > INFO：输入验证码7777
2018-10-20 10:07:25,720 - FindElement.py - get_element > 16 > INFO：定位方式:id--->定位值:ticket_image_value
2018-10-20 10:07:25,742 - FindElement.py - get_element > 16 > INFO：定位方式:id--->定位值:login
2018-10-20 10:07:37,359 - FindElement.py - get_element > 16 > INFO：定位方式:css--->定位值:#buy
2018-10-20 10:07:37,668 - TradeHandle.py - send_stock > 18 > INFO：输入股票代码600000
2018-10-20 10:07:37,669 - FindElement.py - get_element > 16 > INFO：定位方式:id--->定位值:stockCode
2018-10-20 10:07:42,771 - TradeHandle.py - send_amount > 29 > INFO：输入股票数量1000
2018-10-20 10:07:42,773 - FindElement.py - get_element > 16 > INFO：定位方式:id--->定位值:amount
2018-10-20 10:07:42,831 - FindElement.py - get_element > 16 > INFO：定位方式:css--->定位值:#okbtn
2018-10-20 10:07:43,074 - FindElement.py - get_element > 16 > INFO：定位方式:css--->定位值:.xubox_yes
2018-10-20 10:12:32,772 - LoginHandle.py - send_user > 11 > INFO：输入用户名15013695518
2018-10-20 10:12:32,773 - FindElement.py - get_element > 16 > INFO：定位方式:id--->定位值:login_id
2018-10-20 10:12:32,914 - LoginHandle.py - send_passwd > 15 > INFO：输入密码123456
2018-10-20 10:12:32,915 - FindElement.py - get_element > 16 > INFO：定位方式:id--->定位值:password
2018-10-20 10:12:32,939 - LoginHandle.py - send_tickt > 19 > INFO：输入验证码7777
2018-10-20 10:12:32,940 - FindElement.py - get_element > 16 > INFO：定位方式:id--->定位值:ticket_image_value
2018-10-20 10:12:32,970 - FindElement.py - get_element > 16 > INFO：定位方式:id--->定位值:login
2018-10-20 10:12:44,212 - FindElement.py - get_element > 16 > INFO：定位方式:css--->定位值:#buy
2018-10-20 10:12:44,525 - TradeHandle.py - send_stock > 18 > INFO：输入股票代码000001
2018-10-20 10:12:44,525 - FindElement.py - get_element > 16 > INFO：定位方式:id--->定位值:stockCode
2018-10-20 10:12:49,599 - FindElement.py - get_element > 16 > INFO：定位方式:css--->定位值:#up_limit
2018-10-20 10:12:49,869 - TradeHandle.py - send_amount > 29 > INFO：输入股票数量1000
2018-10-20 10:12:49,870 - FindElement.py - get_element > 16 > INFO：定位方式:id--->定位值:amount
2018-10-20 10:12:49,932 - FindElement.py - get_element > 16 > INFO：定位方式:css--->定位值:#okbtn
2018-10-20 10:12:50,182 - FindElement.py - get_element > 16 > INFO：定位方式:css--->定位值:.xubox_yes
2018-10-20 10:12:50,421 - FindElement.py - get_element > 16 > INFO：定位方式:css--->定位值:.xubox_yes
2018-10-20 10:12:59,862 - LoginHandle.py - send_user > 11 > INFO：输入用户名15013695518
2018-10-20 10:12:59,865 - FindElement.py - get_element > 16 > INFO：定位方式:id--->定位值:login_id
2018-10-20 10:12:59,921 - LoginHandle.py - send_passwd > 15 > INFO：输入密码123456
2018-10-20 10:12:59,922 - FindElement.py - get_element > 16 > INFO：定位方式:id--->定位值:password
2018-10-20 10:12:59,945 - LoginHandle.py - send_tickt > 19 > INFO：输入验证码7777
2018-10-20 10:12:59,946 - FindElement.py - get_element > 16 > INFO：定位方式:id--->定位值:ticket_image_value
2018-10-20 10:12:59,967 - FindElement.py - get_element > 16 > INFO：定位方式:id--->定位值:login
2018-10-20 10:13:11,220 - FindElement.py - get_element > 16 > INFO：定位方式:css--->定位值:#buy
2018-10-20 10:13:11,489 - TradeHandle.py - send_stock > 18 > INFO：输入股票代码600000
2018-10-20 10:13:11,489 - FindElement.py - get_element > 16 > INFO：定位方式:id--->定位值:stockCode
2018-10-20 10:13:16,560 - FindElement.py - get_element > 16 > INFO：定位方式:css--->定位值:#up_limit
2018-10-20 10:13:17,390 - TradeHandle.py - send_amount > 29 > INFO：输入股票数量1000
2018-10-20 10:13:17,393 - FindElement.py - get_element > 16 > INFO：定位方式:id--->定位值:amount
2018-10-20 10:13:17,450 - FindElement.py - get_element > 16 > INFO：定位方式:css--->定位值:#okbtn
2018-10-20 10:13:17,890 - FindElement.py - get_element > 16 > INFO：定位方式:css--->定位值:.xubox_yes
2018-10-20 10:13:18,617 - FindElement.py - get_element > 16 > INFO：定位方式:css--->定位值:.xubox_yes
2018-10-20 10:13:27,586 - LoginHandle.py - send_user > 11 > INFO：输入用户名15013695518
2018-10-20 10:13:27,587 - FindElement.py - get_element > 16 > INFO：定位方式:id--->定位值:login_id
2018-10-20 10:13:27,644 - LoginHandle.py - send_passwd > 15 > INFO：输入密码123456
2018-10-20 10:13:27,646 - FindElement.py - get_element > 16 > INFO：定位方式:id--->定位值:password
2018-10-20 10:13:27,674 - LoginHandle.py - send_tickt > 19 > INFO：输入验证码7777
2018-10-20 10:13:27,674 - FindElement.py - get_element > 16 > INFO：定位方式:id--->定位值:ticket_image_value
2018-10-20 10:13:27,703 - FindElement.py - get_element > 16 > INFO：定位方式:id--->定位值:login
2018-10-20 10:13:38,821 - FindElement.py - get_element > 16 > INFO：定位方式:css--->定位值:#buy
2018-10-20 10:13:39,133 - TradeHandle.py - send_stock > 18 > INFO：输入股票代码000001
2018-10-20 10:13:39,133 - FindElement.py - get_element > 16 > INFO：定位方式:id--->定位值:stockCode
2018-10-20 10:13:44,208 - TradeHandle.py - send_amount > 29 > INFO：输入股票数量1000
2018-10-20 10:13:44,209 - FindElement.py - get_element > 16 > INFO：定位方式:id--->定位值:amount
2018-10-20 10:13:44,241 - FindElement.py - get_element > 16 > INFO：定位方式:css--->定位值:#okbtn
2018-10-20 10:13:44,480 - FindElement.py - get_element > 16 > INFO：定位方式:css--->定位值:.xubox_yes
2018-10-20 10:13:53,841 - LoginHandle.py - send_user > 11 > INFO：输入用户名15013695518
2018-10-20 10:13:53,842 - FindElement.py - get_element > 16 > INFO：定位方式:id--->定位值:login_id
2018-10-20 10:13:53,946 - LoginHandle.py - send_passwd > 15 > INFO：输入密码123456
2018-10-20 10:13:53,948 - FindElement.py - get_element > 16 > INFO：定位方式:id--->定位值:password
2018-10-20 10:13:53,974 - LoginHandle.py - send_tickt > 19 > INFO：输入验证码7777
2018-10-20 10:13:53,976 - FindElement.py - get_element > 16 > INFO：定位方式:id--->定位值:ticket_image_value
2018-10-20 10:13:53,997 - FindElement.py - get_element > 16 > INFO：定位方式:id--->定位值:login
2018-10-20 10:14:05,048 - FindElement.py - get_element > 16 > INFO：定位方式:css--->定位值:#buy
2018-10-20 10:14:05,311 - TradeHandle.py - send_stock > 18 > INFO：输入股票代码600000
2018-10-20 10:14:05,312 - FindElement.py - get_element > 16 > INFO：定位方式:id--->定位值:stockCode
2018-10-20 10:14:10,382 - TradeHandle.py - send_amount > 29 > INFO：输入股票数量1000
2018-10-20 10:14:10,383 - FindElement.py - get_element > 16 > INFO：定位方式:id--->定位值:amount
2018-10-20 10:14:10,412 - FindElement.py - get_element > 16 > INFO：定位方式:css--->定位值:#okbtn
2018-10-20 10:14:10,655 - FindElement.py - get_element > 16 > INFO：定位方式:css--->定位值:.xubox_yes
2018-10-20 10:23:56,697 - LoginHandle.py - send_user > 11 > INFO：输入用户名15013695518
2018-10-20 10:23:56,698 - FindElement.py - get_element > 16 > INFO：定位方式:id--->定位值:login_id
2018-10-20 10:23:56,811 - LoginHandle.py - send_passwd > 15 > INFO：输入密码123456
2018-10-20 10:23:56,812 - FindElement.py - get_element > 16 > INFO：定位方式:id--->定位值:password
2018-10-20 10:23:56,840 - LoginHandle.py - send_tickt > 19 > INFO：输入验证码7777
2018-10-20 10:23:56,841 - FindElement.py - get_element > 16 > INFO：定位方式:id--->定位值:ticket_image_value
2018-10-20 10:23:56,864 - FindElement.py - get_element > 16 > INFO：定位方式:id--->定位值:login
2018-10-20 10:24:07,913 - FindElement.py - get_element > 16 > INFO：定位方式:css--->定位值:#buy
2018-10-20 10:24:08,212 - TradeHandle.py - send_stock > 18 > INFO：输入股票代码000001
2018-10-20 10:24:08,213 - FindElement.py - get_element > 16 > INFO：定位方式:id--->定位值:stockCode
2018-10-20 10:24:13,321 - FindElement.py - get_element > 16 > INFO：定位方式:css--->定位值:#up_limit
2018-10-20 10:24:21,600 - LoginHandle.py - send_user > 11 > INFO：输入用户名15013695518
2018-10-20 10:24:21,604 - FindElement.py - get_element > 16 > INFO：定位方式:id--->定位值:login_id
2018-10-20 10:24:28,475 - LoginHandle.py - send_user > 11 > INFO：输入用户名15013695518
2018-10-20 10:24:28,477 - FindElement.py - get_element > 16 > INFO：定位方式:id--->定位值:login_id
2018-10-20 10:24:35,592 - LoginHandle.py - send_user > 11 > INFO：输入用户名15013695518
2018-10-20 10:24:35,594 - FindElement.py - get_element > 16 > INFO：定位方式:id--->定位值:login_id
2018-10-20 10:47:59,998 - LoginHandle.py - send_user > 11 > INFO：输入用户名15013695518
2018-10-20 10:48:00,002 - FindElement.py - get_element > 16 > INFO：定位方式:id--->定位值:login_id
2018-10-20 10:48:00,071 - LoginHandle.py - send_passwd > 15 > INFO：输入密码123456
2018-10-20 10:48:00,073 - FindElement.py - get_element > 16 > INFO：定位方式:id--->定位值:password
2018-10-20 10:48:00,117 - LoginHandle.py - send_tickt > 19 > INFO：输入验证码7777
2018-10-20 10:48:00,118 - FindElement.py - get_element > 16 > INFO：定位方式:id--->定位值:ticket_image_value
2018-10-20 10:48:00,142 - FindElement.py - get_element > 16 > INFO：定位方式:id--->定位值:login
2018-10-20 10:48:11,499 - FindElement.py - get_element > 16 > INFO：定位方式:css--->定位值:#buy
2018-10-20 10:48:12,238 - TradeHandle.py - send_stock > 18 > INFO：输入股票代码000001
2018-10-20 10:48:12,240 - FindElement.py - get_element > 16 > INFO：定位方式:id--->定位值:stockCode
2018-10-20 10:48:17,313 - FindElement.py - get_element > 16 > INFO：定位方式:css--->定位值:#up_limit
2018-10-20 10:48:18,068 - TradeHandle.py - send_amount > 29 > INFO：输入股票数量1000
2018-10-20 10:48:18,069 - FindElement.py - get_element > 16 > INFO：定位方式:id--->定位值:amount
2018-10-20 10:48:18,112 - FindElement.py - get_element > 16 > INFO：定位方式:css--->定位值:#okbtn
2018-10-20 10:48:18,582 - FindElement.py - get_element > 16 > INFO：定位方式:css--->定位值:.xubox_yes
2018-10-20 10:48:19,305 - FindElement.py - get_element > 16 > INFO：定位方式:css--->定位值:.xubox_yes
2018-10-20 10:50:17,686 - LoginHandle.py - send_user > 11 > INFO：输入用户名15013695518
2018-10-20 10:50:17,687 - FindElement.py - get_element > 16 > INFO：定位方式:id--->定位值:login_id
2018-10-20 10:50:17,812 - LoginHandle.py - send_passwd > 15 > INFO：输入密码123456
2018-10-20 10:50:17,814 - FindElement.py - get_element > 16 > INFO：定位方式:id--->定位值:password
2018-10-20 10:50:17,838 - LoginHandle.py - send_tickt > 19 > INFO：输入验证码125
2018-10-20 10:50:17,839 - FindElement.py - get_element > 16 > INFO：定位方式:id--->定位值:ticket_image_value
2018-10-20 10:50:17,870 - FindElement.py - get_element > 16 > INFO：定位方式:id--->定位值:login
2018-10-20 10:50:27,421 - LoginHandle.py - send_user > 11 > INFO：输入用户名15013695517
2018-10-20 10:50:27,423 - FindElement.py - get_element > 16 > INFO：定位方式:id--->定位值:login_id
2018-10-20 10:50:27,529 - LoginHandle.py - send_passwd > 15 > INFO：输入密码123456
2018-10-20 10:50:27,533 - FindElement.py - get_element > 16 > INFO：定位方式:id--->定位值:password
2018-10-20 10:50:27,553 - LoginHandle.py - send_tickt > 19 > INFO：输入验证码25
2018-10-20 10:50:27,554 - FindElement.py - get_element > 16 > INFO：定位方式:id--->定位值:ticket_image_value
2018-10-20 10:50:27,574 - FindElement.py - get_element > 16 > INFO：定位方式:id--->定位值:login
2018-10-20 10:50:37,071 - LoginHandle.py - send_user > 11 > INFO：输入用户名15013695518
2018-10-20 10:50:37,072 - FindElement.py - get_element > 16 > INFO：定位方式:id--->定位值:login_id
2018-10-20 10:50:37,170 - LoginHandle.py - send_passwd > 15 > INFO：输入密码123456
2018-10-20 10:50:37,172 - FindElement.py - get_element > 16 > INFO：定位方式:id--->定位值:password
2018-10-20 10:50:37,229 - LoginHandle.py - send_tickt > 19 > INFO：输入验证码7777
2018-10-20 10:50:37,231 - FindElement.py - get_element > 16 > INFO：定位方式:id--->定位值:ticket_image_value
2018-10-20 10:50:37,279 - FindElement.py - get_element > 16 > INFO：定位方式:id--->定位值:login
2018-10-20 10:50:48,699 - FindElement.py - get_element > 16 > INFO：定位方式:css--->定位值:#buy
2018-10-20 10:50:49,426 - TradeHandle.py - send_stock > 18 > INFO：输入股票代码000001
2018-10-20 10:50:49,429 - FindElement.py - get_element > 16 > INFO：定位方式:id--->定位值:stockCode
2018-10-20 10:50:54,494 - FindElement.py - get_element > 16 > INFO：定位方式:css--->定位值:#up_limit
2018-10-20 10:50:55,230 - TradeHandle.py - send_amount > 29 > INFO：输入股票数量1000
2018-10-20 10:50:55,231 - FindElement.py - get_element > 16 > INFO：定位方式:id--->定位值:amount
2018-10-20 10:50:55,268 - FindElement.py - get_element > 16 > INFO：定位方式:css--->定位值:#okbtn
2018-10-20 10:50:55,739 - FindElement.py - get_element > 16 > INFO：定位方式:css--->定位值:.xubox_yes
2018-10-20 10:50:56,481 - FindElement.py - get_element > 16 > INFO：定位方式:css--->定位值:.xubox_yes
2018-10-20 10:51:05,961 - LoginHandle.py - send_user > 11 > INFO：输入用户名15013695518
2018-10-20 10:51:05,961 - FindElement.py - get_element > 16 > INFO：定位方式:id--->定位值:login_id
2018-10-20 10:51:06,007 - LoginHandle.py - send_passwd > 15 > INFO：输入密码123456
2018-10-20 10:51:06,008 - FindElement.py - get_element > 16 > INFO：定位方式:id--->定位值:password
2018-10-20 10:51:06,033 - LoginHandle.py - send_tickt > 19 > INFO：输入验证码7777
2018-10-20 10:51:06,033 - FindElement.py - get_element > 16 > INFO：定位方式:id--->定位值:ticket_image_value
2018-10-20 10:51:06,052 - FindElement.py - get_element > 16 > INFO：定位方式:id--->定位值:login
2018-10-20 10:51:17,188 - FindElement.py - get_element > 16 > INFO：定位方式:css--->定位值:#buy
2018-10-20 10:51:17,460 - TradeHandle.py - send_stock > 18 > INFO：输入股票代码600000
2018-10-20 10:51:17,462 - FindElement.py - get_element > 16 > INFO：定位方式:id--->定位值:stockCode
2018-10-20 10:51:22,536 - FindElement.py - get_element > 16 > INFO：定位方式:css--->定位值:#up_limit
2018-10-20 10:51:22,791 - TradeHandle.py - send_amount > 29 > INFO：输入股票数量1000
2018-10-20 10:51:22,793 - FindElement.py - get_element > 16 > INFO：定位方式:id--->定位值:amount
2018-10-20 10:51:22,845 - FindElement.py - get_element > 16 > INFO：定位方式:css--->定位值:#okbtn
2018-10-20 10:51:23,104 - FindElement.py - get_element > 16 > INFO：定位方式:css--->定位值:.xubox_yes
2018-10-20 10:51:23,345 - FindElement.py - get_element > 16 > INFO：定位方式:css--->定位值:.xubox_yes
2018-10-20 10:51:32,856 - LoginHandle.py - send_user > 11 > INFO：输入用户名15013695518
2018-10-20 10:51:32,858 - FindElement.py - get_element > 16 > INFO：定位方式:id--->定位值:login_id
2018-10-20 10:51:32,936 - LoginHandle.py - send_passwd > 15 > INFO：输入密码123456
2018-10-20 10:51:32,937 - FindElement.py - get_element > 16 > INFO：定位方式:id--->定位值:password
2018-10-20 10:51:32,959 - LoginHandle.py - send_tickt > 19 > INFO：输入验证码7777
2018-10-20 10:51:32,960 - FindElement.py - get_element > 16 > INFO：定位方式:id--->定位值:ticket_image_value
2018-10-20 10:51:32,998 - FindElement.py - get_element > 16 > INFO：定位方式:id--->定位值:login
2018-10-20 10:51:44,109 - FindElement.py - get_element > 16 > INFO：定位方式:css--->定位值:#buy
2018-10-20 10:51:44,414 - TradeHandle.py - send_stock > 18 > INFO：输入股票代码000001
2018-10-20 10:51:44,416 - FindElement.py - get_element > 16 > INFO：定位方式:id--->定位值:stockCode
2018-10-20 10:51:49,551 - TradeHandle.py - send_amount > 29 > INFO：输入股票数量1000
2018-10-20 10:51:49,552 - FindElement.py - get_element > 16 > INFO：定位方式:id--->定位值:amount
2018-10-20 10:51:49,587 - FindElement.py - get_element > 16 > INFO：定位方式:css--->定位值:#okbtn
2018-10-20 10:51:49,826 - FindElement.py - get_element > 16 > INFO：定位方式:css--->定位值:.xubox_yes
2018-10-20 10:51:59,752 - LoginHandle.py - send_user > 11 > INFO：输入用户名15013695518
2018-10-20 10:51:59,754 - FindElement.py - get_element > 16 > INFO：定位方式:id--->定位值:login_id
2018-10-20 10:51:59,867 - LoginHandle.py - send_passwd > 15 > INFO：输入密码123456
2018-10-20 10:51:59,868 - FindElement.py - get_element > 16 > INFO：定位方式:id--->定位值:password
2018-10-20 10:51:59,893 - LoginHandle.py - send_tickt > 19 > INFO：输入验证码7777
2018-10-20 10:51:59,894 - FindElement.py - get_element > 16 > INFO：定位方式:id--->定位值:ticket_image_value
2018-10-20 10:51:59,918 - FindElement.py - get_element > 16 > INFO：定位方式:id--->定位值:login
2018-10-20 10:52:11,149 - FindElement.py - get_element > 16 > INFO：定位方式:css--->定位值:#buy
2018-10-20 10:52:11,465 - TradeHandle.py - send_stock > 18 > INFO：输入股票代码600000
2018-10-20 10:52:11,468 - FindElement.py - get_element > 16 > INFO：定位方式:id--->定位值:stockCode
2018-10-20 10:52:16,536 - TradeHandle.py - send_amount > 29 > INFO：输入股票数量1000
2018-10-20 10:52:16,537 - FindElement.py - get_element > 16 > INFO：定位方式:id--->定位值:amount
2018-10-20 10:52:16,569 - FindElement.py - get_element > 16 > INFO：定位方式:css--->定位值:#okbtn
2018-10-20 10:52:16,815 - FindElement.py - get_element > 16 > INFO：定位方式:css--->定位值:.xubox_yes
