2018-10-09 14:53:24,799 - Log.py - <module> > 39 > INFO：你好k

2018-10-09 15:50:50,080 - LoginHandle.py - send_user > 13 > INFO：输入用户名15013695515
2018-10-09 15:52:56,177 - LoginHandle.py - send_user > 13 > INFO：输入用户名15013695515
2018-10-09 15:52:56,180 - FindElement.py - get_element > 17 > INFO：定位方式:id--->定位值:login_id
2018-10-09 15:57:03,493 - LoginHandle.py - send_user > 13 > INFO：输入用户名15013695515
2018-10-09 15:57:03,499 - FindElement.py - get_element > 17 > INFO：定位方式:id--->定位值:login_id
2018-10-09 16:20:46,278 - LoginHandle.py - send_user > 13 > INFO：输入用户名15013695516
2018-10-09 16:20:46,279 - FindElement.py - get_element > 17 > INFO：定位方式:id--->定位值:login_id
2018-10-09 16:20:46,320 - LoginHandle.py - send_passwd > 18 > INFO：输入密码123456
2018-10-09 16:20:46,321 - FindElement.py - get_element > 17 > INFO：定位方式:id--->定位值:password
2018-10-09 16:20:46,341 - LoginHandle.py - send_tickt > 22 > INFO：输入验证码7777
2018-10-09 16:20:46,342 - FindElement.py - get_element > 17 > INFO：定位方式:id--->定位值:ticket_image_value
2018-10-09 16:20:46,356 - FindElement.py - get_element > 17 > INFO：定位方式:id--->定位值:login
2018-10-09 16:49:00,928 - LoginHandle.py - send_user > 11 > INFO：输入用户名15013695516
2018-10-09 16:49:00,928 - FindElement.py - get_element > 16 > INFO：定位方式:id--->定位值:login_id
2018-10-09 16:49:00,975 - LoginHandle.py - send_passwd > 15 > INFO：输入密码123456
2018-10-09 16:49:00,976 - FindElement.py - get_element > 16 > INFO：定位方式:id--->定位值:password
2018-10-09 16:49:00,997 - LoginHandle.py - send_tickt > 19 > INFO：输入验证码7777
2018-10-09 16:49:00,997 - FindElement.py - get_element > 16 > INFO：定位方式:id--->定位值:ticket_image_value
2018-10-09 16:49:01,016 - FindElement.py - get_element > 16 > INFO：定位方式:id--->定位值:login
2018-10-09 17:11:02,582 - LoginHandle.py - send_user > 11 > INFO：输入用户名15013695516
2018-10-09 17:11:02,583 - FindElement.py - get_element > 16 > INFO：定位方式:id--->定位值:login_id
2018-10-09 17:11:02,623 - LoginHandle.py - send_passwd > 15 > INFO：输入密码123456
2018-10-09 17:11:02,624 - FindElement.py - get_element > 16 > INFO：定位方式:id--->定位值:password
2018-10-09 17:11:02,650 - LoginHandle.py - send_tickt > 19 > INFO：输入验证码7777
2018-10-09 17:11:02,651 - FindElement.py - get_element > 16 > INFO：定位方式:id--->定位值:ticket_image_value
2018-10-09 17:11:02,674 - FindElement.py - get_element > 16 > INFO：定位方式:id--->定位值:login1
