2018-08-27 00:02:01,537 - mncg - DEBUG - debug message
2018-08-27 00:03:10,643 - mncg - DEBUG - 第一条测试用例通过
2018-08-27 00:03:10,643 - mncg - INFO - 第一条测试用例通过
2018-08-27 00:05:24,352 - mncg - DEBUG - 第一条测试用例通过
2018-08-27 00:05:24,352 - mncg - INFO - 第一条测试用例通过
2018-08-27 00:08:06,093 - mncg - DEBUG - 第一条测试用例通过
2018-08-27 00:08:06,093 - mncg - INFO - 第一条测试用例通过
2018-08-27 00:09:38,350 - mncg - WARNING - 第一条测试用例失败
2018-08-27 00:09:38,351 - mncg - ERROR - 第一条测试用例失败
2018-08-27 00:09:38,351 - mncg - CRITICAL - 第一条测试用例失败
2018-08-27 00:17:39,541 - mncg - WARNING - 第一条测试用例失败
2018-08-27 00:17:39,541 - mncg - ERROR - 第一条测试用例失败
2018-08-27 00:17:39,541 - mncg - CRITICAL - 第一条测试用例失败
2018-08-27 00:22:59,132 - mncg - WARNING - 第一条测试用例失败
2018-08-27 00:22:59,132 - mncg - ERROR - 第一条测试用例失败
2018-08-27 00:22:59,132 - mncg - CRITICAL - 第一条测试用例失败
2018-08-27 00:23:53,208 - mncg - DEBUG - <Public.TestCaseInfo.TestCaseInfo object at 0x0000000004215710>
2018-08-27 00:23:53,208 - mncg - INFO - 第一条测试用例通过
2018-08-27 00:25:45,074 - mncg - DEBUG - 2018-08-27 00:25:38
2018-08-27 00:25:45,075 - mncg - INFO - 第一条测试用例通过
2018-08-27 00:28:47,543 - mncg - WARNING - 第一条测试用例失败
2018-08-27 00:28:47,543 - mncg - ERROR - 第一条测试用例失败
2018-08-27 00:28:47,543 - mncg - CRITICAL - 第一条测试用例失败
